Using pre-set license
Built from '2021.3/staging' branch; Version is '2021.3.18f1 (3129e69bc0c7) revision 3221990'; Using compiler version '192829333'; Build Type 'Release'
OS: 'Windows 10  (10.0.19045) 64bit Professional' Language: 'ru' Physical Memory: 16254 MB
BatchMode: 1, IsHumanControllingUs: 0, StartBugReporterOnCrash: 0, Is64bit: 1, IsPro: 1

COMMAND LINE ARGUMENTS:
C:\Program Files\Unity\Hub\Editor\2021.3.18f1\Editor\Unity.exe
-adb2
-batchMode
-noUpm
-name
AssetImportWorker2
-projectPath
C:/Users/Mikhail/Desktop/Unity/Sci-Fi-Shooter-3/Sci-Fi-Shooter-3
-logFile
Logs/AssetImportWorker2.log
-srvPort
56088
Successfully changed project path to: C:/Users/Mikhail/Desktop/Unity/Sci-Fi-Shooter-3/Sci-Fi-Shooter-3
C:/Users/Mikhail/Desktop/Unity/Sci-Fi-Shooter-3/Sci-Fi-Shooter-3
[UnityMemory] Configuration Parameters - Can be set up in boot.config
    "memorysetup-bucket-allocator-granularity=16"
    "memorysetup-bucket-allocator-bucket-count=8"
    "memorysetup-bucket-allocator-block-size=33554432"
    "memorysetup-bucket-allocator-block-count=8"
    "memorysetup-main-allocator-block-size=16777216"
    "memorysetup-thread-allocator-block-size=16777216"
    "memorysetup-gfx-main-allocator-block-size=16777216"
    "memorysetup-gfx-thread-allocator-block-size=16777216"
    "memorysetup-cache-allocator-block-size=4194304"
    "memorysetup-typetree-allocator-block-size=2097152"
    "memorysetup-profiler-bucket-allocator-granularity=16"
    "memorysetup-profiler-bucket-allocator-bucket-count=8"
    "memorysetup-profiler-bucket-allocator-block-size=33554432"
    "memorysetup-profiler-bucket-allocator-block-count=8"
    "memorysetup-profiler-allocator-block-size=16777216"
    "memorysetup-profiler-editor-allocator-block-size=1048576"
    "memorysetup-temp-allocator-size-main=16777216"
    "memorysetup-job-temp-allocator-block-size=2097152"
    "memorysetup-job-temp-allocator-block-size-background=1048576"
    "memorysetup-job-temp-allocator-reduction-small-platforms=262144"
    "memorysetup-temp-allocator-size-background-worker=32768"
    "memorysetup-temp-allocator-size-job-worker=262144"
    "memorysetup-temp-allocator-size-preload-manager=33554432"
    "memorysetup-temp-allocator-size-nav-mesh-worker=65536"
    "memorysetup-temp-allocator-size-audio-worker=65536"
    "memorysetup-temp-allocator-size-cloud-worker=32768"
    "memorysetup-temp-allocator-size-gi-baking-worker=262144"
    "memorysetup-temp-allocator-size-gfx=262144"
Player connection [12368] Host "[IP] 192.168.1.7 [Port] 0 [Flags] 2 [Guid] 1302576675 [EditorId] 1302576675 [Version] 1048832 [Id] WindowsEditor(7,DESKTOP-QCT10TA) [Debug] 1 [PackageName] WindowsEditor [ProjectName] Editor" joined multi-casting on [225.0.0.222:54997]...

Player connection [12368] Host "[IP] 192.168.1.7 [Port] 0 [Flags] 2 [Guid] 1302576675 [EditorId] 1302576675 [Version] 1048832 [Id] WindowsEditor(7,DESKTOP-QCT10TA) [Debug] 1 [PackageName] WindowsEditor [ProjectName] Editor" joined alternative multi-casting on [225.0.0.222:34997]...

Refreshing native plugins compatible for Editor in 250.39 ms, found 3 plugins.
Preloading 0 native plugins for Editor in 0.00 ms.
Initialize engine version: 2021.3.18f1 (3129e69bc0c7)
[Subsystems] Discovering subsystems at path C:/Program Files/Unity/Hub/Editor/2021.3.18f1/Editor/Data/Resources/UnitySubsystems
[Subsystems] Discovering subsystems at path C:/Users/Mikhail/Desktop/Unity/Sci-Fi-Shooter-3/Sci-Fi-Shooter-3/Assets
GfxDevice: creating device client; threaded=0; jobified=0
Direct3D:
    Version:  Direct3D 11.0 [level 11.1]
    Renderer: NVIDIA GeForce GTX 1650 (ID=0x1f82)
    Vendor:   NVIDIA
    VRAM:     3962 MB
    Driver:   31.0.15.1694
Initialize mono
Mono path[0] = 'C:/Program Files/Unity/Hub/Editor/2021.3.18f1/Editor/Data/Managed'
Mono path[1] = 'C:/Program Files/Unity/Hub/Editor/2021.3.18f1/Editor/Data/MonoBleedingEdge/lib/mono/unityjit-win32'
Mono config path = 'C:/Program Files/Unity/Hub/Editor/2021.3.18f1/Editor/Data/MonoBleedingEdge/etc'
Using monoOptions --debugger-agent=transport=dt_socket,embedding=1,server=y,suspend=n,address=127.0.0.1:56320
Begin MonoManager ReloadAssembly
Registering precompiled unity dll's ...
Register platform support module: C:/Program Files/Unity/Hub/Editor/2021.3.18f1/Editor/Data/PlaybackEngines/WebGLSupport/UnityEditor.WebGL.Extensions.dll
Register platform support module: C:/Program Files/Unity/Hub/Editor/2021.3.18f1/Editor/Data/PlaybackEngines/AndroidPlayer/UnityEditor.Android.Extensions.dll
Register platform support module: C:/Program Files/Unity/Hub/Editor/2021.3.18f1/Editor/Data/PlaybackEngines/WindowsStandaloneSupport/UnityEditor.WindowsStandalone.Extensions.dll
Registered in 0.007528 seconds.
Native extension for WindowsStandalone target not found
Native extension for Android target not found
Android Extension - Scanning For ADB Devices 218 ms
Native extension for WebGL target not found
Refreshing native plugins compatible for Editor in 226.53 ms, found 3 plugins.
Preloading 0 native plugins for Editor in 0.00 ms.
Mono: successfully reloaded assembly
- Completed reload, in  1.008 seconds
Domain Reload Profiling:
	ReloadAssembly (1008ms)
		BeginReloadAssembly (62ms)
			ExecutionOrderSort (0ms)
			DisableScriptedObjects (0ms)
			BackupInstance (0ms)
			ReleaseScriptingObjects (0ms)
			CreateAndSetChildDomain (1ms)
		EndReloadAssembly (840ms)
			LoadAssemblies (61ms)
			RebuildTransferFunctionScriptingTraits (0ms)
			SetupTypeCache (108ms)
			ReleaseScriptCaches (0ms)
			RebuildScriptCaches (33ms)
			SetupLoadedEditorAssemblies (640ms)
				LogAssemblyErrors (0ms)
				InitializePlatformSupportModulesInManaged (290ms)
				SetLoadedEditorAssemblies (0ms)
				RefreshPlugins (227ms)
				BeforeProcessingInitializeOnLoad (1ms)
				ProcessInitializeOnLoadAttributes (80ms)
				ProcessInitializeOnLoadMethodAttributes (42ms)
				AfterProcessingInitializeOnLoad (0ms)
				EditorAssembliesLoaded (0ms)
			ExecutionOrderSort2 (0ms)
			AwakeInstancesAfterBackupRestoration (0ms)
Platform modules already initialized, skipping
Registering precompiled user dll's ...
Registered in 0.008053 seconds.
Begin MonoManager ReloadAssembly
Symbol file LoadedFromMemory doesn't match image C:\Users\Mikhail\Desktop\Unity\Sci-Fi-Shooter-3\Sci-Fi-Shooter-3\Library\PackageCache\com.unity.visualscripting@1.8.0\Editor\VisualScripting.Core\Dependencies\YamlDotNet\Unity.VisualScripting.YamlDotNet.dll
Symbol file LoadedFromMemory doesn't match image C:\Users\Mikhail\Desktop\Unity\Sci-Fi-Shooter-3\Sci-Fi-Shooter-3\Library\PackageCache\com.unity.visualscripting@1.8.0\Editor\VisualScripting.Core\Dependencies\DotNetZip\Unity.VisualScripting.IonicZip.dll
Native extension for WindowsStandalone target not found
Native extension for Android target not found
Native extension for WebGL target not found
Refreshing native plugins compatible for Editor in 220.34 ms, found 3 plugins.
Preloading 0 native plugins for Editor in 0.00 ms.
Mono: successfully reloaded assembly
- Completed reload, in  1.529 seconds
Domain Reload Profiling:
	ReloadAssembly (1529ms)
		BeginReloadAssembly (95ms)
			ExecutionOrderSort (0ms)
			DisableScriptedObjects (5ms)
			BackupInstance (0ms)
			ReleaseScriptingObjects (0ms)
			CreateAndSetChildDomain (17ms)
		EndReloadAssembly (1322ms)
			LoadAssemblies (89ms)
			RebuildTransferFunctionScriptingTraits (0ms)
			SetupTypeCache (294ms)
			ReleaseScriptCaches (1ms)
			RebuildScriptCaches (54ms)
			SetupLoadedEditorAssemblies (836ms)
				LogAssemblyErrors (0ms)
				InitializePlatformSupportModulesInManaged (16ms)
				SetLoadedEditorAssemblies (0ms)
				RefreshPlugins (220ms)
				BeforeProcessingInitializeOnLoad (103ms)
				ProcessInitializeOnLoadAttributes (362ms)
				ProcessInitializeOnLoadMethodAttributes (127ms)
				AfterProcessingInitializeOnLoad (7ms)
				EditorAssembliesLoaded (0ms)
			ExecutionOrderSort2 (0ms)
			AwakeInstancesAfterBackupRestoration (5ms)
Platform modules already initialized, skipping
========================================================================
Worker process is ready to serve import requests
Launched and connected shader compiler UnityShaderCompiler.exe after 0.04 seconds
Refreshing native plugins compatible for Editor in 2.30 ms, found 3 plugins.
Preloading 0 native plugins for Editor in 0.00 ms.
Unloading 4838 Unused Serialized files (Serialized files now loaded: 0)
Unloading 40 unused Assets / (56.1 KB). Loaded Objects now: 5304.
Memory consumption went from 280.4 MB to 280.3 MB.
Total: 3.550200 ms (FindLiveObjects: 0.328400 ms CreateObjectMapping: 0.223900 ms MarkObjects: 2.935800 ms  DeleteObjects: 0.061200 ms)

AssetImportParameters requested are different than current active one (requested -> active):
  custom:video-decoder-ogg-theora: a1e56fd34408186e4bbccfd4996cb3dc -> 
  custom:container-muxer-webm: aa71ff27fc2769a1b78a27578f13a17b -> 
  custom:container-demuxer-webm: 4f35f7cbe854078d1ac9338744f61a02 -> 
  custom:video-encoder-webm-vp8: eb34c28f22e8b96e1ab97ce403110664 -> 
  custom:audio-encoder-webm-vorbis: bf7c407c2cedff20999df2af8eb42d56 -> 
  custom:framework-win-MediaFoundation: 216162199b28c13a410421893ffa2e32 -> 
  custom:container-demuxer-ogg: 62fdf1f143b41e24485cea50d1cbac27 -> 
  custom:video-decoder-webm-vp8: 9c59270c3fd7afecdb556c50c9e8de78 -> 
  custom:audio-decoder-ogg-vorbis: bf7c407c2cedff20999df2af8eb42d56 -> 
========================================================================
Received Import Request.
  Time since last request: 185985.117667 seconds.
  path: Assets/Characters/Bot/Huggy-Wuggy/Prefabs/HuggyRainbow.prefab
  artifactKey: Guid(303c5be7cc1f5614792c1384513073d4) Importer(815301076,1909f56bfc062723c751e8b465ee728b)
Start importing Assets/Characters/Bot/Huggy-Wuggy/Prefabs/HuggyRainbow.prefab using Guid(303c5be7cc1f5614792c1384513073d4) Importer(815301076,1909f56bfc062723c751e8b465ee728b)  -> (artifact id: '9ca4a6c5829077ac55059291f171bc28') in 0.121290 seconds 
========================================================================
Received Import Request.
  Time since last request: 2.282291 seconds.
  path: Assets/Characters/Bot/Huggy-Wuggy/Prefabs/HuggyPurple.prefab
  artifactKey: Guid(bccc18257571b65448942d7cf36475ef) Importer(815301076,1909f56bfc062723c751e8b465ee728b)
Start importing Assets/Characters/Bot/Huggy-Wuggy/Prefabs/HuggyPurple.prefab using Guid(bccc18257571b65448942d7cf36475ef) Importer(815301076,1909f56bfc062723c751e8b465ee728b)  -> (artifact id: '614e697ce59ff9a8b3bfbbb8987eb28d') in 0.029315 seconds 
========================================================================
Received Prepare
Registering precompiled user dll's ...
Registered in 0.007336 seconds.
Begin MonoManager ReloadAssembly
Symbol file LoadedFromMemory doesn't match image C:\Users\Mikhail\Desktop\Unity\Sci-Fi-Shooter-3\Sci-Fi-Shooter-3\Library\PackageCache\com.unity.visualscripting@1.8.0\Editor\VisualScripting.Core\Dependencies\YamlDotNet\Unity.VisualScripting.YamlDotNet.dll
Symbol file LoadedFromMemory doesn't match image C:\Users\Mikhail\Desktop\Unity\Sci-Fi-Shooter-3\Sci-Fi-Shooter-3\Library\PackageCache\com.unity.visualscripting@1.8.0\Editor\VisualScripting.Core\Dependencies\DotNetZip\Unity.VisualScripting.IonicZip.dll
Native extension for WindowsStandalone target not found
Native extension for Android target not found
Native extension for WebGL target not found
Refreshing native plugins compatible for Editor in 2.34 ms, found 3 plugins.
Preloading 0 native plugins for Editor in 0.00 ms.
Mono: successfully reloaded assembly
- Completed reload, in  1.367 seconds
Domain Reload Profiling:
	ReloadAssembly (1368ms)
		BeginReloadAssembly (135ms)
			ExecutionOrderSort (0ms)
			DisableScriptedObjects (4ms)
			BackupInstance (0ms)
			ReleaseScriptingObjects (0ms)
			CreateAndSetChildDomain (39ms)
		EndReloadAssembly (1132ms)
			LoadAssemblies (95ms)
			RebuildTransferFunctionScriptingTraits (0ms)
			SetupTypeCache (370ms)
			ReleaseScriptCaches (1ms)
			RebuildScriptCaches (41ms)
			SetupLoadedEditorAssemblies (567ms)
				LogAssemblyErrors (0ms)
				InitializePlatformSupportModulesInManaged (24ms)
				SetLoadedEditorAssemblies (0ms)
				RefreshPlugins (2ms)
				BeforeProcessingInitializeOnLoad (84ms)
				ProcessInitializeOnLoadAttributes (256ms)
				ProcessInitializeOnLoadMethodAttributes (190ms)
				AfterProcessingInitializeOnLoad (10ms)
				EditorAssembliesLoaded (0ms)
			ExecutionOrderSort2 (0ms)
			AwakeInstancesAfterBackupRestoration (7ms)
Platform modules already initialized, skipping
Refreshing native plugins compatible for Editor in 4.27 ms, found 3 plugins.
Preloading 0 native plugins for Editor in 0.00 ms.
Unloading 4794 Unused Serialized files (Serialized files now loaded: 0)
Unloading 31 unused Assets / (24.6 KB). Loaded Objects now: 5315.
Memory consumption went from 297.4 MB to 297.4 MB.
Total: 3.327700 ms (FindLiveObjects: 0.363400 ms CreateObjectMapping: 0.291700 ms MarkObjects: 2.637900 ms  DeleteObjects: 0.033600 ms)

AssetImportParameters requested are different than current active one (requested -> active):
  custom:video-decoder-ogg-theora: a1e56fd34408186e4bbccfd4996cb3dc -> 
  custom:container-muxer-webm: aa71ff27fc2769a1b78a27578f13a17b -> 
  custom:container-demuxer-webm: 4f35f7cbe854078d1ac9338744f61a02 -> 
  custom:video-encoder-webm-vp8: eb34c28f22e8b96e1ab97ce403110664 -> 
  custom:audio-encoder-webm-vorbis: bf7c407c2cedff20999df2af8eb42d56 -> 
  custom:framework-win-MediaFoundation: 216162199b28c13a410421893ffa2e32 -> 
  custom:container-demuxer-ogg: 62fdf1f143b41e24485cea50d1cbac27 -> 
  custom:video-decoder-webm-vp8: 9c59270c3fd7afecdb556c50c9e8de78 -> 
  custom:audio-decoder-ogg-vorbis: bf7c407c2cedff20999df2af8eb42d56 -> 
========================================================================
Received Import Request.
  Time since last request: 41.345917 seconds.
  path: Assets/Characters/Bot/Rainbow/Prefabs/Blue.prefab
  artifactKey: Guid(88688f66356c18f49902652bb5bef3fb) Importer(815301076,1909f56bfc062723c751e8b465ee728b)
Start importing Assets/Characters/Bot/Rainbow/Prefabs/Blue.prefab using Guid(88688f66356c18f49902652bb5bef3fb) Importer(815301076,1909f56bfc062723c751e8b465ee728b)  -> (artifact id: 'dd782becb30421d84438756869be41ae') in 0.081653 seconds 
========================================================================
Received Prepare
Registering precompiled user dll's ...
Registered in 0.007345 seconds.
Begin MonoManager ReloadAssembly
Symbol file LoadedFromMemory doesn't match image C:\Users\Mikhail\Desktop\Unity\Sci-Fi-Shooter-3\Sci-Fi-Shooter-3\Library\PackageCache\com.unity.visualscripting@1.8.0\Editor\VisualScripting.Core\Dependencies\YamlDotNet\Unity.VisualScripting.YamlDotNet.dll
Symbol file LoadedFromMemory doesn't match image C:\Users\Mikhail\Desktop\Unity\Sci-Fi-Shooter-3\Sci-Fi-Shooter-3\Library\PackageCache\com.unity.visualscripting@1.8.0\Editor\VisualScripting.Core\Dependencies\DotNetZip\Unity.VisualScripting.IonicZip.dll
Native extension for WindowsStandalone target not found
Native extension for Android target not found
Native extension for WebGL target not found
Refreshing native plugins compatible for Editor in 2.44 ms, found 3 plugins.
Preloading 0 native plugins for Editor in 0.00 ms.
Mono: successfully reloaded assembly
- Completed reload, in  1.176 seconds
Domain Reload Profiling:
	ReloadAssembly (1177ms)
		BeginReloadAssembly (134ms)
			ExecutionOrderSort (0ms)
			DisableScriptedObjects (4ms)
			BackupInstance (0ms)
			ReleaseScriptingObjects (0ms)
			CreateAndSetChildDomain (40ms)
		EndReloadAssembly (937ms)
			LoadAssemblies (86ms)
			RebuildTransferFunctionScriptingTraits (0ms)
			SetupTypeCache (286ms)
			ReleaseScriptCaches (1ms)
			RebuildScriptCaches (36ms)
			SetupLoadedEditorAssemblies (483ms)
				LogAssemblyErrors (0ms)
				InitializePlatformSupportModulesInManaged (24ms)
				SetLoadedEditorAssemblies (0ms)
				RefreshPlugins (3ms)
				BeforeProcessingInitializeOnLoad (79ms)
				ProcessInitializeOnLoadAttributes (217ms)
				ProcessInitializeOnLoadMethodAttributes (153ms)
				AfterProcessingInitializeOnLoad (7ms)
				EditorAssembliesLoaded (0ms)
			ExecutionOrderSort2 (0ms)
			AwakeInstancesAfterBackupRestoration (5ms)
Platform modules already initialized, skipping
Refreshing native plugins compatible for Editor in 4.77 ms, found 3 plugins.
Preloading 0 native plugins for Editor in 0.00 ms.
Unloading 4794 Unused Serialized files (Serialized files now loaded: 0)
Unloading 31 unused Assets / (25.7 KB). Loaded Objects now: 5318.
Memory consumption went from 297.8 MB to 297.7 MB.
Total: 3.084900 ms (FindLiveObjects: 0.317300 ms CreateObjectMapping: 0.298600 ms MarkObjects: 2.441200 ms  DeleteObjects: 0.027300 ms)

AssetImportParameters requested are different than current active one (requested -> active):
  custom:video-decoder-ogg-theora: a1e56fd34408186e4bbccfd4996cb3dc -> 
  custom:container-muxer-webm: aa71ff27fc2769a1b78a27578f13a17b -> 
  custom:container-demuxer-webm: 4f35f7cbe854078d1ac9338744f61a02 -> 
  custom:video-encoder-webm-vp8: eb34c28f22e8b96e1ab97ce403110664 -> 
  custom:audio-encoder-webm-vorbis: bf7c407c2cedff20999df2af8eb42d56 -> 
  custom:framework-win-MediaFoundation: 216162199b28c13a410421893ffa2e32 -> 
  custom:container-demuxer-ogg: 62fdf1f143b41e24485cea50d1cbac27 -> 
  custom:video-decoder-webm-vp8: 9c59270c3fd7afecdb556c50c9e8de78 -> 
  custom:audio-decoder-ogg-vorbis: bf7c407c2cedff20999df2af8eb42d56 -> 
========================================================================
Received Prepare
Registering precompiled user dll's ...
Registered in 0.007456 seconds.
Begin MonoManager ReloadAssembly
Symbol file LoadedFromMemory doesn't match image C:\Users\Mikhail\Desktop\Unity\Sci-Fi-Shooter-3\Sci-Fi-Shooter-3\Library\PackageCache\com.unity.visualscripting@1.8.0\Editor\VisualScripting.Core\Dependencies\YamlDotNet\Unity.VisualScripting.YamlDotNet.dll
Symbol file LoadedFromMemory doesn't match image C:\Users\Mikhail\Desktop\Unity\Sci-Fi-Shooter-3\Sci-Fi-Shooter-3\Library\PackageCache\com.unity.visualscripting@1.8.0\Editor\VisualScripting.Core\Dependencies\DotNetZip\Unity.VisualScripting.IonicZip.dll
Native extension for WindowsStandalone target not found
Native extension for Android target not found
Native extension for WebGL target not found
Refreshing native plugins compatible for Editor in 2.37 ms, found 3 plugins.
Preloading 0 native plugins for Editor in 0.00 ms.
Mono: successfully reloaded assembly
- Completed reload, in  1.219 seconds
Domain Reload Profiling:
	ReloadAssembly (1220ms)
		BeginReloadAssembly (126ms)
			ExecutionOrderSort (0ms)
			DisableScriptedObjects (5ms)
			BackupInstance (0ms)
			ReleaseScriptingObjects (0ms)
			CreateAndSetChildDomain (39ms)
		EndReloadAssembly (987ms)
			LoadAssemblies (84ms)
			RebuildTransferFunctionScriptingTraits (0ms)
			SetupTypeCache (286ms)
			ReleaseScriptCaches (1ms)
			RebuildScriptCaches (36ms)
			SetupLoadedEditorAssemblies (518ms)
				LogAssemblyErrors (0ms)
				InitializePlatformSupportModulesInManaged (23ms)
				SetLoadedEditorAssemblies (0ms)
				RefreshPlugins (2ms)
				BeforeProcessingInitializeOnLoad (79ms)
				ProcessInitializeOnLoadAttributes (237ms)
				ProcessInitializeOnLoadMethodAttributes (167ms)
				AfterProcessingInitializeOnLoad (8ms)
				EditorAssembliesLoaded (0ms)
			ExecutionOrderSort2 (0ms)
			AwakeInstancesAfterBackupRestoration (6ms)
Platform modules already initialized, skipping
Refreshing native plugins compatible for Editor in 5.50 ms, found 3 plugins.
Preloading 0 native plugins for Editor in 0.00 ms.
Unloading 4794 Unused Serialized files (Serialized files now loaded: 0)
Unloading 31 unused Assets / (24.7 KB). Loaded Objects now: 5321.
Memory consumption went from 297.8 MB to 297.7 MB.
Total: 3.394600 ms (FindLiveObjects: 0.337700 ms CreateObjectMapping: 0.351300 ms MarkObjects: 2.662800 ms  DeleteObjects: 0.041800 ms)

AssetImportParameters requested are different than current active one (requested -> active):
  custom:video-decoder-ogg-theora: a1e56fd34408186e4bbccfd4996cb3dc -> 
  custom:container-muxer-webm: aa71ff27fc2769a1b78a27578f13a17b -> 
  custom:container-demuxer-webm: 4f35f7cbe854078d1ac9338744f61a02 -> 
  custom:video-encoder-webm-vp8: eb34c28f22e8b96e1ab97ce403110664 -> 
  custom:audio-encoder-webm-vorbis: bf7c407c2cedff20999df2af8eb42d56 -> 
  custom:framework-win-MediaFoundation: 216162199b28c13a410421893ffa2e32 -> 
  custom:container-demuxer-ogg: 62fdf1f143b41e24485cea50d1cbac27 -> 
  custom:video-decoder-webm-vp8: 9c59270c3fd7afecdb556c50c9e8de78 -> 
  custom:audio-decoder-ogg-vorbis: bf7c407c2cedff20999df2af8eb42d56 -> 
========================================================================
Received Import Request.
  Time since last request: 97.492029 seconds.
  path: Assets/Characters/Bot/Rainbow/Prefabs/Blue.prefab
  artifactKey: Guid(88688f66356c18f49902652bb5bef3fb) Importer(815301076,1909f56bfc062723c751e8b465ee728b)
Start importing Assets/Characters/Bot/Rainbow/Prefabs/Blue.prefab using Guid(88688f66356c18f49902652bb5bef3fb) Importer(815301076,1909f56bfc062723c751e8b465ee728b)  -> (artifact id: '8c4a66b782a0972df36268b69905d99e') in 0.081569 seconds 
========================================================================
Received Import Request.
  Time since last request: 12.337959 seconds.
  path: Assets/Characters/Bot/Rainbow/Prefabs/Orange.prefab
  artifactKey: Guid(6b6294f90612a3841a8aa1de80c26166) Importer(815301076,1909f56bfc062723c751e8b465ee728b)
Start importing Assets/Characters/Bot/Rainbow/Prefabs/Orange.prefab using Guid(6b6294f90612a3841a8aa1de80c26166) Importer(815301076,1909f56bfc062723c751e8b465ee728b)  -> (artifact id: '09fa631265b9e306ed58b78da27a2022') in 0.023509 seconds 
========================================================================
Received Import Request.
  Time since last request: 3.843660 seconds.
  path: Assets/Characters/Bot/Rainbow/Prefabs/Orange.prefab
  artifactKey: Guid(6b6294f90612a3841a8aa1de80c26166) Importer(815301076,1909f56bfc062723c751e8b465ee728b)
Start importing Assets/Characters/Bot/Rainbow/Prefabs/Orange.prefab using Guid(6b6294f90612a3841a8aa1de80c26166) Importer(815301076,1909f56bfc062723c751e8b465ee728b)  -> (artifact id: '1bba741eaec69dd75282a7457b700c0e') in 0.016871 seconds 
========================================================================
Received Import Request.
  Time since last request: 7.695428 seconds.
  path: Assets/Characters/Bot/Rainbow/Prefabs/Purple.prefab
  artifactKey: Guid(4e85ecfb6339b90488d1f0b97c67989b) Importer(815301076,1909f56bfc062723c751e8b465ee728b)
Start importing Assets/Characters/Bot/Rainbow/Prefabs/Purple.prefab using Guid(4e85ecfb6339b90488d1f0b97c67989b) Importer(815301076,1909f56bfc062723c751e8b465ee728b)  -> (artifact id: '14eb71f443be8002e4057ad1759d2b78') in 0.023044 seconds 
========================================================================
Received Import Request.
  Time since last request: 1.917914 seconds.
  path: Assets/Characters/Bot/Rainbow/Prefabs/Red.prefab
  artifactKey: Guid(3a07f0e2c7520e44bb808655620c30b7) Importer(815301076,1909f56bfc062723c751e8b465ee728b)
Start importing Assets/Characters/Bot/Rainbow/Prefabs/Red.prefab using Guid(3a07f0e2c7520e44bb808655620c30b7) Importer(815301076,1909f56bfc062723c751e8b465ee728b)  -> (artifact id: 'fecd62fc9f8751a6b4e286d32d53e6bf') in 0.023516 seconds 
========================================================================
Received Import Request.
  Time since last request: 1.674868 seconds.
  path: Assets/Characters/Bot/Rainbow/Prefabs/Yellow.prefab
  artifactKey: Guid(c08d9c91472ae544da0bc44e498a3961) Importer(815301076,1909f56bfc062723c751e8b465ee728b)
Start importing Assets/Characters/Bot/Rainbow/Prefabs/Yellow.prefab using Guid(c08d9c91472ae544da0bc44e498a3961) Importer(815301076,1909f56bfc062723c751e8b465ee728b)  -> (artifact id: 'f8468587d3c091d309518c6c44562a44') in 0.022866 seconds 
========================================================================
Received Prepare
Registering precompiled user dll's ...
Registered in 0.007152 seconds.
Begin MonoManager ReloadAssembly
Symbol file LoadedFromMemory doesn't match image C:\Users\Mikhail\Desktop\Unity\Sci-Fi-Shooter-3\Sci-Fi-Shooter-3\Library\PackageCache\com.unity.visualscripting@1.8.0\Editor\VisualScripting.Core\Dependencies\YamlDotNet\Unity.VisualScripting.YamlDotNet.dll
Symbol file LoadedFromMemory doesn't match image C:\Users\Mikhail\Desktop\Unity\Sci-Fi-Shooter-3\Sci-Fi-Shooter-3\Library\PackageCache\com.unity.visualscripting@1.8.0\Editor\VisualScripting.Core\Dependencies\DotNetZip\Unity.VisualScripting.IonicZip.dll
Native extension for WindowsStandalone target not found
Native extension for Android target not found
Native extension for WebGL target not found
Refreshing native plugins compatible for Editor in 2.36 ms, found 3 plugins.
Preloading 0 native plugins for Editor in 0.00 ms.
Mono: successfully reloaded assembly
- Completed reload, in  1.267 seconds
Domain Reload Profiling:
	ReloadAssembly (1268ms)
		BeginReloadAssembly (141ms)
			ExecutionOrderSort (0ms)
			DisableScriptedObjects (4ms)
			BackupInstance (0ms)
			ReleaseScriptingObjects (0ms)
			CreateAndSetChildDomain (47ms)
		EndReloadAssembly (1020ms)
			LoadAssemblies (85ms)
			RebuildTransferFunctionScriptingTraits (0ms)
			SetupTypeCache (314ms)
			ReleaseScriptCaches (1ms)
			RebuildScriptCaches (43ms)
			SetupLoadedEditorAssemblies (526ms)
				LogAssemblyErrors (0ms)
				InitializePlatformSupportModulesInManaged (25ms)
				SetLoadedEditorAssemblies (0ms)
				RefreshPlugins (2ms)
				BeforeProcessingInitializeOnLoad (80ms)
				ProcessInitializeOnLoadAttributes (234ms)
				ProcessInitializeOnLoadMethodAttributes (178ms)
				AfterProcessingInitializeOnLoad (8ms)
				EditorAssembliesLoaded (0ms)
			ExecutionOrderSort2 (0ms)
			AwakeInstancesAfterBackupRestoration (6ms)
Platform modules already initialized, skipping
Refreshing native plugins compatible for Editor in 5.27 ms, found 3 plugins.
Preloading 0 native plugins for Editor in 0.00 ms.
Unloading 4794 Unused Serialized files (Serialized files now loaded: 0)
Unloading 31 unused Assets / (24.8 KB). Loaded Objects now: 5324.
Memory consumption went from 297.9 MB to 297.8 MB.
Total: 3.298500 ms (FindLiveObjects: 0.317300 ms CreateObjectMapping: 0.265000 ms MarkObjects: 2.683800 ms  DeleteObjects: 0.031700 ms)

AssetImportParameters requested are different than current active one (requested -> active):
  custom:video-decoder-ogg-theora: a1e56fd34408186e4bbccfd4996cb3dc -> 
  custom:container-muxer-webm: aa71ff27fc2769a1b78a27578f13a17b -> 
  custom:container-demuxer-webm: 4f35f7cbe854078d1ac9338744f61a02 -> 
  custom:video-encoder-webm-vp8: eb34c28f22e8b96e1ab97ce403110664 -> 
  custom:audio-encoder-webm-vorbis: bf7c407c2cedff20999df2af8eb42d56 -> 
  custom:framework-win-MediaFoundation: 216162199b28c13a410421893ffa2e32 -> 
  custom:container-demuxer-ogg: 62fdf1f143b41e24485cea50d1cbac27 -> 
  custom:video-decoder-webm-vp8: 9c59270c3fd7afecdb556c50c9e8de78 -> 
  custom:audio-decoder-ogg-vorbis: bf7c407c2cedff20999df2af8eb42d56 -> 
========================================================================
Received Import Request.
  Time since last request: 878.541796 seconds.
  path: Assets/Characters/Bot/Rainbow/Prefabs/Blue.prefab
  artifactKey: Guid(88688f66356c18f49902652bb5bef3fb) Importer(815301076,1909f56bfc062723c751e8b465ee728b)
Start importing Assets/Characters/Bot/Rainbow/Prefabs/Blue.prefab using Guid(88688f66356c18f49902652bb5bef3fb) Importer(815301076,1909f56bfc062723c751e8b465ee728b)  -> (artifact id: '4d1b0b9687b3aa06b01d705bdeeacd91') in 0.090739 seconds 
========================================================================
Received Import Request.
  Time since last request: 0.642548 seconds.
  path: Assets/Characters/Bot/Rainbow/Prefabs/Green.prefab
  artifactKey: Guid(551fdb159c84bbf42be1e8088f3f391b) Importer(815301076,1909f56bfc062723c751e8b465ee728b)
Start importing Assets/Characters/Bot/Rainbow/Prefabs/Green.prefab using Guid(551fdb159c84bbf42be1e8088f3f391b) Importer(815301076,1909f56bfc062723c751e8b465ee728b)  -> (artifact id: 'aa6989d8e81f3440fd2772e0d20304a4') in 0.015036 seconds 
========================================================================
Received Import Request.
  Time since last request: 51.955251 seconds.
  path: Assets/Characters/Bot/Rainbow/Prefabs/Green.prefab
  artifactKey: Guid(551fdb159c84bbf42be1e8088f3f391b) Importer(815301076,1909f56bfc062723c751e8b465ee728b)
Start importing Assets/Characters/Bot/Rainbow/Prefabs/Green.prefab using Guid(551fdb159c84bbf42be1e8088f3f391b) Importer(815301076,1909f56bfc062723c751e8b465ee728b)  -> (artifact id: 'ce1556b4c7202ca0a6e18e4112a1a40b') in 0.014874 seconds 
========================================================================
Received Import Request.
  Time since last request: 21.588303 seconds.
  path: Assets/Characters/Bot/Rainbow/Prefabs/Orange.prefab
  artifactKey: Guid(6b6294f90612a3841a8aa1de80c26166) Importer(815301076,1909f56bfc062723c751e8b465ee728b)
Start importing Assets/Characters/Bot/Rainbow/Prefabs/Orange.prefab using Guid(6b6294f90612a3841a8aa1de80c26166) Importer(815301076,1909f56bfc062723c751e8b465ee728b)  -> (artifact id: '0a02d5765993d1f9ab0de8898a2ca64d') in 0.013814 seconds 
========================================================================
Received Import Request.
  Time since last request: 6.054793 seconds.
  path: Assets/Characters/Bot/Rainbow/Prefabs/Pink.prefab
  artifactKey: Guid(14e6bee3cb95d574586944e34b83e6d9) Importer(815301076,1909f56bfc062723c751e8b465ee728b)
Start importing Assets/Characters/Bot/Rainbow/Prefabs/Pink.prefab using Guid(14e6bee3cb95d574586944e34b83e6d9) Importer(815301076,1909f56bfc062723c751e8b465ee728b)  -> (artifact id: '3c598b85b6e64f761470f860f09d68f8') in 0.014373 seconds 
========================================================================
Received Import Request.
  Time since last request: 7.850759 seconds.
  path: Assets/Characters/Bot/Rainbow/Prefabs/Purple.prefab
  artifactKey: Guid(4e85ecfb6339b90488d1f0b97c67989b) Importer(815301076,1909f56bfc062723c751e8b465ee728b)
Start importing Assets/Characters/Bot/Rainbow/Prefabs/Purple.prefab using Guid(4e85ecfb6339b90488d1f0b97c67989b) Importer(815301076,1909f56bfc062723c751e8b465ee728b)  -> (artifact id: 'b78db80ff3ade361d820894819898f35') in 0.017055 seconds 
========================================================================
Received Import Request.
  Time since last request: 5.523496 seconds.
  path: Assets/Characters/Bot/Rainbow/Prefabs/Red.prefab
  artifactKey: Guid(3a07f0e2c7520e44bb808655620c30b7) Importer(815301076,1909f56bfc062723c751e8b465ee728b)
Start importing Assets/Characters/Bot/Rainbow/Prefabs/Red.prefab using Guid(3a07f0e2c7520e44bb808655620c30b7) Importer(815301076,1909f56bfc062723c751e8b465ee728b)  -> (artifact id: '5c07ff421e12e9460ed826cf21fab4f5') in 0.016438 seconds 
========================================================================
Received Import Request.
  Time since last request: 4.800409 seconds.
  path: Assets/Characters/Bot/Rainbow/Prefabs/Yellow.prefab
  artifactKey: Guid(c08d9c91472ae544da0bc44e498a3961) Importer(815301076,1909f56bfc062723c751e8b465ee728b)
Start importing Assets/Characters/Bot/Rainbow/Prefabs/Yellow.prefab using Guid(c08d9c91472ae544da0bc44e498a3961) Importer(815301076,1909f56bfc062723c751e8b465ee728b)  -> (artifact id: '6a746fc6c4457d8fd563c47081982863') in 0.016636 seconds 
========================================================================
Received Prepare
Registering precompiled user dll's ...
Registered in 0.007221 seconds.
Begin MonoManager ReloadAssembly
Symbol file LoadedFromMemory doesn't match image C:\Users\Mikhail\Desktop\Unity\Sci-Fi-Shooter-3\Sci-Fi-Shooter-3\Library\PackageCache\com.unity.visualscripting@1.8.0\Editor\VisualScripting.Core\Dependencies\YamlDotNet\Unity.VisualScripting.YamlDotNet.dll
Symbol file LoadedFromMemory doesn't match image C:\Users\Mikhail\Desktop\Unity\Sci-Fi-Shooter-3\Sci-Fi-Shooter-3\Library\PackageCache\com.unity.visualscripting@1.8.0\Editor\VisualScripting.Core\Dependencies\DotNetZip\Unity.VisualScripting.IonicZip.dll
Native extension for WindowsStandalone target not found
Native extension for Android target not found
Native extension for WebGL target not found
Refreshing native plugins compatible for Editor in 3.12 ms, found 3 plugins.
Preloading 0 native plugins for Editor in 0.00 ms.
Mono: successfully reloaded assembly
- Completed reload, in  1.289 seconds
Domain Reload Profiling:
	ReloadAssembly (1290ms)
		BeginReloadAssembly (139ms)
			ExecutionOrderSort (0ms)
			DisableScriptedObjects (4ms)
			BackupInstance (0ms)
			ReleaseScriptingObjects (0ms)
			CreateAndSetChildDomain (46ms)
		EndReloadAssembly (1046ms)
			LoadAssemblies (89ms)
			RebuildTransferFunctionScriptingTraits (0ms)
			SetupTypeCache (319ms)
			ReleaseScriptCaches (1ms)
			RebuildScriptCaches (39ms)
			SetupLoadedEditorAssemblies (538ms)
				LogAssemblyErrors (0ms)
				InitializePlatformSupportModulesInManaged (26ms)
				SetLoadedEditorAssemblies (0ms)
				RefreshPlugins (3ms)
				BeforeProcessingInitializeOnLoad (82ms)
				ProcessInitializeOnLoadAttributes (242ms)
				ProcessInitializeOnLoadMethodAttributes (176ms)
				AfterProcessingInitializeOnLoad (9ms)
				EditorAssembliesLoaded (0ms)
			ExecutionOrderSort2 (0ms)
			AwakeInstancesAfterBackupRestoration (6ms)
Platform modules already initialized, skipping
Refreshing native plugins compatible for Editor in 5.16 ms, found 3 plugins.
Preloading 0 native plugins for Editor in 0.00 ms.
Unloading 4794 Unused Serialized files (Serialized files now loaded: 0)
Unloading 31 unused Assets / (24.7 KB). Loaded Objects now: 5327.
Memory consumption went from 297.8 MB to 297.7 MB.
Total: 3.747300 ms (FindLiveObjects: 0.433800 ms CreateObjectMapping: 0.411700 ms MarkObjects: 2.869700 ms  DeleteObjects: 0.031200 ms)

AssetImportParameters requested are different than current active one (requested -> active):
  custom:video-decoder-ogg-theora: a1e56fd34408186e4bbccfd4996cb3dc -> 
  custom:container-muxer-webm: aa71ff27fc2769a1b78a27578f13a17b -> 
  custom:container-demuxer-webm: 4f35f7cbe854078d1ac9338744f61a02 -> 
  custom:video-encoder-webm-vp8: eb34c28f22e8b96e1ab97ce403110664 -> 
  custom:audio-encoder-webm-vorbis: bf7c407c2cedff20999df2af8eb42d56 -> 
  custom:framework-win-MediaFoundation: 216162199b28c13a410421893ffa2e32 -> 
  custom:container-demuxer-ogg: 62fdf1f143b41e24485cea50d1cbac27 -> 
  custom:video-decoder-webm-vp8: 9c59270c3fd7afecdb556c50c9e8de78 -> 
  custom:audio-decoder-ogg-vorbis: bf7c407c2cedff20999df2af8eb42d56 -> 
========================================================================
Received Prepare
Registering precompiled user dll's ...
Registered in 0.007422 seconds.
Begin MonoManager ReloadAssembly
Symbol file LoadedFromMemory doesn't match image C:\Users\Mikhail\Desktop\Unity\Sci-Fi-Shooter-3\Sci-Fi-Shooter-3\Library\PackageCache\com.unity.visualscripting@1.8.0\Editor\VisualScripting.Core\Dependencies\YamlDotNet\Unity.VisualScripting.YamlDotNet.dll
Symbol file LoadedFromMemory doesn't match image C:\Users\Mikhail\Desktop\Unity\Sci-Fi-Shooter-3\Sci-Fi-Shooter-3\Library\PackageCache\com.unity.visualscripting@1.8.0\Editor\VisualScripting.Core\Dependencies\DotNetZip\Unity.VisualScripting.IonicZip.dll
Native extension for WindowsStandalone target not found
Native extension for Android target not found
Native extension for WebGL target not found
Refreshing native plugins compatible for Editor in 2.47 ms, found 3 plugins.
Preloading 0 native plugins for Editor in 0.00 ms.
Mono: successfully reloaded assembly
- Completed reload, in  1.281 seconds
Domain Reload Profiling:
	ReloadAssembly (1281ms)
		BeginReloadAssembly (140ms)
			ExecutionOrderSort (0ms)
			DisableScriptedObjects (5ms)
			BackupInstance (0ms)
			ReleaseScriptingObjects (0ms)
			CreateAndSetChildDomain (41ms)
		EndReloadAssembly (1029ms)
			LoadAssemblies (95ms)
			RebuildTransferFunctionScriptingTraits (0ms)
			SetupTypeCache (304ms)
			ReleaseScriptCaches (1ms)
			RebuildScriptCaches (40ms)
			SetupLoadedEditorAssemblies (528ms)
				LogAssemblyErrors (0ms)
				InitializePlatformSupportModulesInManaged (24ms)
				SetLoadedEditorAssemblies (0ms)
				RefreshPlugins (3ms)
				BeforeProcessingInitializeOnLoad (80ms)
				ProcessInitializeOnLoadAttributes (242ms)
				ProcessInitializeOnLoadMethodAttributes (170ms)
				AfterProcessingInitializeOnLoad (8ms)
				EditorAssembliesLoaded (0ms)
			ExecutionOrderSort2 (0ms)
			AwakeInstancesAfterBackupRestoration (6ms)
Platform modules already initialized, skipping
Refreshing native plugins compatible for Editor in 5.80 ms, found 3 plugins.
Preloading 0 native plugins for Editor in 0.00 ms.
Unloading 4794 Unused Serialized files (Serialized files now loaded: 0)
Unloading 31 unused Assets / (25.7 KB). Loaded Objects now: 5330.
Memory consumption went from 298.0 MB to 297.9 MB.
Total: 3.435400 ms (FindLiveObjects: 0.399300 ms CreateObjectMapping: 0.354600 ms MarkObjects: 2.648100 ms  DeleteObjects: 0.032700 ms)

AssetImportParameters requested are different than current active one (requested -> active):
  custom:video-decoder-ogg-theora: a1e56fd34408186e4bbccfd4996cb3dc -> 
  custom:container-muxer-webm: aa71ff27fc2769a1b78a27578f13a17b -> 
  custom:container-demuxer-webm: 4f35f7cbe854078d1ac9338744f61a02 -> 
  custom:video-encoder-webm-vp8: eb34c28f22e8b96e1ab97ce403110664 -> 
  custom:audio-encoder-webm-vorbis: bf7c407c2cedff20999df2af8eb42d56 -> 
  custom:framework-win-MediaFoundation: 216162199b28c13a410421893ffa2e32 -> 
  custom:container-demuxer-ogg: 62fdf1f143b41e24485cea50d1cbac27 -> 
  custom:video-decoder-webm-vp8: 9c59270c3fd7afecdb556c50c9e8de78 -> 
  custom:audio-decoder-ogg-vorbis: bf7c407c2cedff20999df2af8eb42d56 -> 
========================================================================
Received Import Request.
  Time since last request: 277.392142 seconds.
  path: Assets/Characters/Bot/Rainbow/Prefabs/Pink.prefab
  artifactKey: Guid(14e6bee3cb95d574586944e34b83e6d9) Importer(815301076,1909f56bfc062723c751e8b465ee728b)
Start importing Assets/Characters/Bot/Rainbow/Prefabs/Pink.prefab using Guid(14e6bee3cb95d574586944e34b83e6d9) Importer(815301076,1909f56bfc062723c751e8b465ee728b)  -> (artifact id: '0fb8d27ef71dcdfd6168e9c13fab6e74') in 0.080800 seconds 
========================================================================
Received Prepare
Registering precompiled user dll's ...
Registered in 0.007287 seconds.
Begin MonoManager ReloadAssembly
Symbol file LoadedFromMemory doesn't match image C:\Users\Mikhail\Desktop\Unity\Sci-Fi-Shooter-3\Sci-Fi-Shooter-3\Library\PackageCache\com.unity.visualscripting@1.8.0\Editor\VisualScripting.Core\Dependencies\YamlDotNet\Unity.VisualScripting.YamlDotNet.dll
Symbol file LoadedFromMemory doesn't match image C:\Users\Mikhail\Desktop\Unity\Sci-Fi-Shooter-3\Sci-Fi-Shooter-3\Library\PackageCache\com.unity.visualscripting@1.8.0\Editor\VisualScripting.Core\Dependencies\DotNetZip\Unity.VisualScripting.IonicZip.dll
Native extension for WindowsStandalone target not found
Native extension for Android target not found
Native extension for WebGL target not found
Refreshing native plugins compatible for Editor in 2.57 ms, found 3 plugins.
Preloading 0 native plugins for Editor in 0.00 ms.
Mono: successfully reloaded assembly
- Completed reload, in  1.228 seconds
Domain Reload Profiling:
	ReloadAssembly (1229ms)
		BeginReloadAssembly (129ms)
			ExecutionOrderSort (0ms)
			DisableScriptedObjects (4ms)
			BackupInstance (0ms)
			ReleaseScriptingObjects (0ms)
			CreateAndSetChildDomain (38ms)
		EndReloadAssembly (1004ms)
			LoadAssemblies (92ms)
			RebuildTransferFunctionScriptingTraits (0ms)
			SetupTypeCache (301ms)
			ReleaseScriptCaches (1ms)
			RebuildScriptCaches (41ms)
			SetupLoadedEditorAssemblies (516ms)
				LogAssemblyErrors (0ms)
				InitializePlatformSupportModulesInManaged (31ms)
				SetLoadedEditorAssemblies (0ms)
				RefreshPlugins (3ms)
				BeforeProcessingInitializeOnLoad (73ms)
				ProcessInitializeOnLoadAttributes (231ms)
				ProcessInitializeOnLoadMethodAttributes (169ms)
				AfterProcessingInitializeOnLoad (8ms)
				EditorAssembliesLoaded (0ms)
			ExecutionOrderSort2 (0ms)
			AwakeInstancesAfterBackupRestoration (5ms)
Platform modules already initialized, skipping
Refreshing native plugins compatible for Editor in 5.43 ms, found 3 plugins.
Preloading 0 native plugins for Editor in 0.00 ms.
Unloading 4794 Unused Serialized files (Serialized files now loaded: 0)
Unloading 31 unused Assets / (24.7 KB). Loaded Objects now: 5333.
Memory consumption went from 298.0 MB to 298.0 MB.
Total: 3.019100 ms (FindLiveObjects: 0.333900 ms CreateObjectMapping: 0.254700 ms MarkObjects: 2.396300 ms  DeleteObjects: 0.033500 ms)

AssetImportParameters requested are different than current active one (requested -> active):
  custom:video-decoder-ogg-theora: a1e56fd34408186e4bbccfd4996cb3dc -> 
  custom:container-muxer-webm: aa71ff27fc2769a1b78a27578f13a17b -> 
  custom:container-demuxer-webm: 4f35f7cbe854078d1ac9338744f61a02 -> 
  custom:video-encoder-webm-vp8: eb34c28f22e8b96e1ab97ce403110664 -> 
  custom:audio-encoder-webm-vorbis: bf7c407c2cedff20999df2af8eb42d56 -> 
  custom:framework-win-MediaFoundation: 216162199b28c13a410421893ffa2e32 -> 
  custom:container-demuxer-ogg: 62fdf1f143b41e24485cea50d1cbac27 -> 
  custom:video-decoder-webm-vp8: 9c59270c3fd7afecdb556c50c9e8de78 -> 
  custom:audio-decoder-ogg-vorbis: bf7c407c2cedff20999df2af8eb42d56 -> 
========================================================================
Received Import Request.
  Time since last request: 5.640557 seconds.
  path: Assets/Characters/Bot/Rainbow/Prefabs/Pink.prefab
  artifactKey: Guid(14e6bee3cb95d574586944e34b83e6d9) Importer(815301076,1909f56bfc062723c751e8b465ee728b)
Start importing Assets/Characters/Bot/Rainbow/Prefabs/Pink.prefab using Guid(14e6bee3cb95d574586944e34b83e6d9) Importer(815301076,1909f56bfc062723c751e8b465ee728b)  -> (artifact id: '0b98d29ca2ac2877c5f7087172750d33') in 0.084798 seconds 
========================================================================
Received Import Request.
  Time since last request: 207.649396 seconds.
  path: Assets/Characters/Bot/Rainbow/Prefabs/Red.prefab
  artifactKey: Guid(3a07f0e2c7520e44bb808655620c30b7) Importer(815301076,1909f56bfc062723c751e8b465ee728b)
Start importing Assets/Characters/Bot/Rainbow/Prefabs/Red.prefab using Guid(3a07f0e2c7520e44bb808655620c30b7) Importer(815301076,1909f56bfc062723c751e8b465ee728b)  -> (artifact id: '3a56e620fc4dc3f271ea2608fe9cfbb8') in 0.026179 seconds 
========================================================================
Received Import Request.
  Time since last request: 5.322432 seconds.
  path: Assets/Characters/Bot/Rainbow/Prefabs/Red.prefab
  artifactKey: Guid(3a07f0e2c7520e44bb808655620c30b7) Importer(815301076,1909f56bfc062723c751e8b465ee728b)
Start importing Assets/Characters/Bot/Rainbow/Prefabs/Red.prefab using Guid(3a07f0e2c7520e44bb808655620c30b7) Importer(815301076,1909f56bfc062723c751e8b465ee728b)  -> (artifact id: '97e615f739ab9af07cfdcaae4e1f407d') in 0.014226 seconds 
========================================================================
Received Import Request.
  Time since last request: 27.693573 seconds.
  path: Assets/Characters/Bot/Sci-Fi/Prefabs/Sniper.prefab
  artifactKey: Guid(e1dd0888f364bfc45a0b878215c8e77c) Importer(815301076,1909f56bfc062723c751e8b465ee728b)
Start importing Assets/Characters/Bot/Sci-Fi/Prefabs/Sniper.prefab using Guid(e1dd0888f364bfc45a0b878215c8e77c) Importer(815301076,1909f56bfc062723c751e8b465ee728b)  -> (artifact id: 'd5c5c2e2c5a1beae22dafab32b556a02') in 0.044606 seconds 
========================================================================
Received Import Request.
  Time since last request: 0.595732 seconds.
  path: Assets/Characters/Bot/Sci-Fi/Prefabs/Melee_Robot.prefab
  artifactKey: Guid(4e3c4e54cc4c6ca41b1f1a676d13dfea) Importer(815301076,1909f56bfc062723c751e8b465ee728b)
Start importing Assets/Characters/Bot/Sci-Fi/Prefabs/Melee_Robot.prefab using Guid(4e3c4e54cc4c6ca41b1f1a676d13dfea) Importer(815301076,1909f56bfc062723c751e8b465ee728b)  -> (artifact id: '2890fc93b308095ca439e3f8941d6be9') in 0.024495 seconds 
========================================================================
Received Import Request.
  Time since last request: 129.906614 seconds.
  path: Assets/Characters/Bot/Sci-Fi/Prefabs/Boss.prefab
  artifactKey: Guid(78692e8d98777364f8f251ac29dc7b7e) Importer(815301076,1909f56bfc062723c751e8b465ee728b)
Start importing Assets/Characters/Bot/Sci-Fi/Prefabs/Boss.prefab using Guid(78692e8d98777364f8f251ac29dc7b7e) Importer(815301076,1909f56bfc062723c751e8b465ee728b)  -> (artifact id: '48d661e594a4f9b14fb4036d9116761a') in 0.035340 seconds 
========================================================================
Received Import Request.
  Time since last request: 3.077118 seconds.
  path: Assets/Characters/Bot/Sci-Fi/Animation/Melee
  artifactKey: Guid(fdc8d10e6e3187d448861833716e4c64) Importer(815301076,1909f56bfc062723c751e8b465ee728b)
Start importing Assets/Characters/Bot/Sci-Fi/Animation/Melee using Guid(fdc8d10e6e3187d448861833716e4c64) Importer(815301076,1909f56bfc062723c751e8b465ee728b)  -> (artifact id: '6ad0e55cefd23567fd43e8ae1c2b7ebd') in 0.008617 seconds 
========================================================================
Received Import Request.
  Time since last request: 7.756300 seconds.
  path: Assets/Characters/Bot/Sci-Fi/Prefabs/Boss.prefab
  artifactKey: Guid(78692e8d98777364f8f251ac29dc7b7e) Importer(815301076,1909f56bfc062723c751e8b465ee728b)
Start importing Assets/Characters/Bot/Sci-Fi/Prefabs/Boss.prefab using Guid(78692e8d98777364f8f251ac29dc7b7e) Importer(815301076,1909f56bfc062723c751e8b465ee728b)  -> (artifact id: '4b95cb8decc8a238d8944a81316b01c2') in 0.019465 seconds 
========================================================================
Received Import Request.
  Time since last request: 24.545399 seconds.
  path: Assets/Characters/Bot/Sci-Fi/Prefabs/Melee_Robot.prefab
  artifactKey: Guid(4e3c4e54cc4c6ca41b1f1a676d13dfea) Importer(815301076,1909f56bfc062723c751e8b465ee728b)
Start importing Assets/Characters/Bot/Sci-Fi/Prefabs/Melee_Robot.prefab using Guid(4e3c4e54cc4c6ca41b1f1a676d13dfea) Importer(815301076,1909f56bfc062723c751e8b465ee728b)  -> (artifact id: 'cfe66b0c7482da3c827e7a6e6f9b8e2b') in 0.023381 seconds 
========================================================================
Received Import Request.
  Time since last request: 18.260541 seconds.
  path: Assets/Characters/Bot/Sci-Fi/Prefabs/Melee_Robot.prefab
  artifactKey: Guid(4e3c4e54cc4c6ca41b1f1a676d13dfea) Importer(815301076,1909f56bfc062723c751e8b465ee728b)
Start importing Assets/Characters/Bot/Sci-Fi/Prefabs/Melee_Robot.prefab using Guid(4e3c4e54cc4c6ca41b1f1a676d13dfea) Importer(815301076,1909f56bfc062723c751e8b465ee728b)  -> (artifact id: '64088145adeb9899258d4660a0c04b11') in 0.021714 seconds 
========================================================================
Received Import Request.
  Time since last request: 5.101494 seconds.
  path: Assets/Characters/Bot/Sci-Fi/Prefabs/Ranger_1.prefab
  artifactKey: Guid(59f519ae4f2801d4889cd8b05b1fac95) Importer(815301076,1909f56bfc062723c751e8b465ee728b)
Start importing Assets/Characters/Bot/Sci-Fi/Prefabs/Ranger_1.prefab using Guid(59f519ae4f2801d4889cd8b05b1fac95) Importer(815301076,1909f56bfc062723c751e8b465ee728b)  -> (artifact id: '17e9d532887eacda16c5e0390afa55f3') in 0.026712 seconds 
========================================================================
Received Import Request.
  Time since last request: 0.495338 seconds.
  path: Assets/Characters/Bot/Sci-Fi/Prefabs/Ranger_2.prefab
  artifactKey: Guid(a9912cf1432b0f04988b7d3983dd617b) Importer(815301076,1909f56bfc062723c751e8b465ee728b)
Start importing Assets/Characters/Bot/Sci-Fi/Prefabs/Ranger_2.prefab using Guid(a9912cf1432b0f04988b7d3983dd617b) Importer(815301076,1909f56bfc062723c751e8b465ee728b)  -> (artifact id: 'efda8d11d5a4ef365b706861667e4b87') in 0.032569 seconds 
========================================================================
Received Import Request.
  Time since last request: 3.328438 seconds.
  path: Assets/Characters/Bot/Sci-Fi/Prefabs/Ranger_2.prefab
  artifactKey: Guid(a9912cf1432b0f04988b7d3983dd617b) Importer(815301076,1909f56bfc062723c751e8b465ee728b)
Start importing Assets/Characters/Bot/Sci-Fi/Prefabs/Ranger_2.prefab using Guid(a9912cf1432b0f04988b7d3983dd617b) Importer(815301076,1909f56bfc062723c751e8b465ee728b)  -> (artifact id: 'db5116edb9ca4fd93a1dadba70411afe') in 0.033750 seconds 
========================================================================
Received Prepare
Registering precompiled user dll's ...
Registered in 0.007377 seconds.
Begin MonoManager ReloadAssembly
Symbol file LoadedFromMemory doesn't match image C:\Users\Mikhail\Desktop\Unity\Sci-Fi-Shooter-3\Sci-Fi-Shooter-3\Library\PackageCache\com.unity.visualscripting@1.8.0\Editor\VisualScripting.Core\Dependencies\YamlDotNet\Unity.VisualScripting.YamlDotNet.dll
Symbol file LoadedFromMemory doesn't match image C:\Users\Mikhail\Desktop\Unity\Sci-Fi-Shooter-3\Sci-Fi-Shooter-3\Library\PackageCache\com.unity.visualscripting@1.8.0\Editor\VisualScripting.Core\Dependencies\DotNetZip\Unity.VisualScripting.IonicZip.dll
Native extension for WindowsStandalone target not found
Native extension for Android target not found
Native extension for WebGL target not found
Refreshing native plugins compatible for Editor in 2.43 ms, found 3 plugins.
Preloading 0 native plugins for Editor in 0.00 ms.
Mono: successfully reloaded assembly
- Completed reload, in  1.240 seconds
Domain Reload Profiling:
	ReloadAssembly (1240ms)
		BeginReloadAssembly (136ms)
			ExecutionOrderSort (0ms)
			DisableScriptedObjects (4ms)
			BackupInstance (0ms)
			ReleaseScriptingObjects (0ms)
			CreateAndSetChildDomain (42ms)
		EndReloadAssembly (993ms)
			LoadAssemblies (88ms)
			RebuildTransferFunctionScriptingTraits (0ms)
			SetupTypeCache (306ms)
			ReleaseScriptCaches (1ms)
			RebuildScriptCaches (41ms)
			SetupLoadedEditorAssemblies (502ms)
				LogAssemblyErrors (0ms)
				InitializePlatformSupportModulesInManaged (23ms)
				SetLoadedEditorAssemblies (0ms)
				RefreshPlugins (3ms)
				BeforeProcessingInitializeOnLoad (76ms)
				ProcessInitializeOnLoadAttributes (235ms)
				ProcessInitializeOnLoadMethodAttributes (158ms)
				AfterProcessingInitializeOnLoad (7ms)
				EditorAssembliesLoaded (0ms)
			ExecutionOrderSort2 (0ms)
			AwakeInstancesAfterBackupRestoration (5ms)
Platform modules already initialized, skipping
Refreshing native plugins compatible for Editor in 4.50 ms, found 3 plugins.
Preloading 0 native plugins for Editor in 0.00 ms.
Unloading 4794 Unused Serialized files (Serialized files now loaded: 0)
Unloading 31 unused Assets / (25.7 KB). Loaded Objects now: 5336.
Memory consumption went from 298.1 MB to 298.1 MB.
Total: 3.054500 ms (FindLiveObjects: 0.360100 ms CreateObjectMapping: 0.320700 ms MarkObjects: 2.347200 ms  DeleteObjects: 0.025900 ms)

AssetImportParameters requested are different than current active one (requested -> active):
  custom:video-decoder-ogg-theora: a1e56fd34408186e4bbccfd4996cb3dc -> 
  custom:container-muxer-webm: aa71ff27fc2769a1b78a27578f13a17b -> 
  custom:container-demuxer-webm: 4f35f7cbe854078d1ac9338744f61a02 -> 
  custom:video-encoder-webm-vp8: eb34c28f22e8b96e1ab97ce403110664 -> 
  custom:audio-encoder-webm-vorbis: bf7c407c2cedff20999df2af8eb42d56 -> 
  custom:framework-win-MediaFoundation: 216162199b28c13a410421893ffa2e32 -> 
  custom:container-demuxer-ogg: 62fdf1f143b41e24485cea50d1cbac27 -> 
  custom:video-decoder-webm-vp8: 9c59270c3fd7afecdb556c50c9e8de78 -> 
  custom:audio-decoder-ogg-vorbis: bf7c407c2cedff20999df2af8eb42d56 -> 
========================================================================
Received Import Request.
  Time since last request: 154.886370 seconds.
  path: Assets/Characters/Bot/Sci-Fi/Prefabs/Boss.prefab
  artifactKey: Guid(78692e8d98777364f8f251ac29dc7b7e) Importer(815301076,1909f56bfc062723c751e8b465ee728b)
Start importing Assets/Characters/Bot/Sci-Fi/Prefabs/Boss.prefab using Guid(78692e8d98777364f8f251ac29dc7b7e) Importer(815301076,1909f56bfc062723c751e8b465ee728b)  -> (artifact id: 'a1aa7bf13c20480fb50bc0dc2d6eaf7e') in 0.082976 seconds 
========================================================================
Received Import Request.
  Time since last request: 2.655657 seconds.
  path: Assets/Characters/Bot/Sci-Fi/Prefabs/Boss.prefab
  artifactKey: Guid(78692e8d98777364f8f251ac29dc7b7e) Importer(815301076,1909f56bfc062723c751e8b465ee728b)
Start importing Assets/Characters/Bot/Sci-Fi/Prefabs/Boss.prefab using Guid(78692e8d98777364f8f251ac29dc7b7e) Importer(815301076,1909f56bfc062723c751e8b465ee728b)  -> (artifact id: '9751296bc6fd8ca44bedd1f49f5f9b1a') in 0.019491 seconds 
========================================================================
Received Prepare
Registering precompiled user dll's ...
Registered in 0.007373 seconds.
Begin MonoManager ReloadAssembly
Symbol file LoadedFromMemory doesn't match image C:\Users\Mikhail\Desktop\Unity\Sci-Fi-Shooter-3\Sci-Fi-Shooter-3\Library\PackageCache\com.unity.visualscripting@1.8.0\Editor\VisualScripting.Core\Dependencies\YamlDotNet\Unity.VisualScripting.YamlDotNet.dll
Symbol file LoadedFromMemory doesn't match image C:\Users\Mikhail\Desktop\Unity\Sci-Fi-Shooter-3\Sci-Fi-Shooter-3\Library\PackageCache\com.unity.visualscripting@1.8.0\Editor\VisualScripting.Core\Dependencies\DotNetZip\Unity.VisualScripting.IonicZip.dll
Native extension for WindowsStandalone target not found
Native extension for Android target not found
Native extension for WebGL target not found
Refreshing native plugins compatible for Editor in 2.37 ms, found 3 plugins.
Preloading 0 native plugins for Editor in 0.00 ms.
Mono: successfully reloaded assembly
- Completed reload, in  1.261 seconds
Domain Reload Profiling:
	ReloadAssembly (1262ms)
		BeginReloadAssembly (130ms)
			ExecutionOrderSort (0ms)
			DisableScriptedObjects (4ms)
			BackupInstance (0ms)
			ReleaseScriptingObjects (0ms)
			CreateAndSetChildDomain (37ms)
		EndReloadAssembly (1025ms)
			LoadAssemblies (86ms)
			RebuildTransferFunctionScriptingTraits (0ms)
			SetupTypeCache (319ms)
			ReleaseScriptCaches (1ms)
			RebuildScriptCaches (52ms)
			SetupLoadedEditorAssemblies (511ms)
				LogAssemblyErrors (0ms)
				InitializePlatformSupportModulesInManaged (23ms)
				SetLoadedEditorAssemblies (0ms)
				RefreshPlugins (2ms)
				BeforeProcessingInitializeOnLoad (84ms)
				ProcessInitializeOnLoadAttributes (228ms)
				ProcessInitializeOnLoadMethodAttributes (165ms)
				AfterProcessingInitializeOnLoad (8ms)
				EditorAssembliesLoaded (0ms)
			ExecutionOrderSort2 (0ms)
			AwakeInstancesAfterBackupRestoration (6ms)
Platform modules already initialized, skipping
Refreshing native plugins compatible for Editor in 4.66 ms, found 3 plugins.
Preloading 0 native plugins for Editor in 0.00 ms.
Unloading 4794 Unused Serialized files (Serialized files now loaded: 0)
Unloading 31 unused Assets / (24.7 KB). Loaded Objects now: 5339.
Memory consumption went from 298.1 MB to 298.1 MB.
Total: 3.657300 ms (FindLiveObjects: 0.376200 ms CreateObjectMapping: 0.279700 ms MarkObjects: 2.966900 ms  DeleteObjects: 0.033700 ms)

AssetImportParameters requested are different than current active one (requested -> active):
  custom:video-decoder-ogg-theora: a1e56fd34408186e4bbccfd4996cb3dc -> 
  custom:container-muxer-webm: aa71ff27fc2769a1b78a27578f13a17b -> 
  custom:container-demuxer-webm: 4f35f7cbe854078d1ac9338744f61a02 -> 
  custom:video-encoder-webm-vp8: eb34c28f22e8b96e1ab97ce403110664 -> 
  custom:audio-encoder-webm-vorbis: bf7c407c2cedff20999df2af8eb42d56 -> 
  custom:framework-win-MediaFoundation: 216162199b28c13a410421893ffa2e32 -> 
  custom:container-demuxer-ogg: 62fdf1f143b41e24485cea50d1cbac27 -> 
  custom:video-decoder-webm-vp8: 9c59270c3fd7afecdb556c50c9e8de78 -> 
  custom:audio-decoder-ogg-vorbis: bf7c407c2cedff20999df2af8eb42d56 -> 
========================================================================
Received Prepare
Registering precompiled user dll's ...
Registered in 0.007266 seconds.
Begin MonoManager ReloadAssembly
Symbol file LoadedFromMemory doesn't match image C:\Users\Mikhail\Desktop\Unity\Sci-Fi-Shooter-3\Sci-Fi-Shooter-3\Library\PackageCache\com.unity.visualscripting@1.8.0\Editor\VisualScripting.Core\Dependencies\YamlDotNet\Unity.VisualScripting.YamlDotNet.dll
Symbol file LoadedFromMemory doesn't match image C:\Users\Mikhail\Desktop\Unity\Sci-Fi-Shooter-3\Sci-Fi-Shooter-3\Library\PackageCache\com.unity.visualscripting@1.8.0\Editor\VisualScripting.Core\Dependencies\DotNetZip\Unity.VisualScripting.IonicZip.dll
Native extension for WindowsStandalone target not found
Native extension for Android target not found
Native extension for WebGL target not found
Refreshing native plugins compatible for Editor in 2.41 ms, found 3 plugins.
Preloading 0 native plugins for Editor in 0.00 ms.
Mono: successfully reloaded assembly
- Completed reload, in  1.264 seconds
Domain Reload Profiling:
	ReloadAssembly (1265ms)
		BeginReloadAssembly (127ms)
			ExecutionOrderSort (0ms)
			DisableScriptedObjects (5ms)
			BackupInstance (0ms)
			ReleaseScriptingObjects (0ms)
			CreateAndSetChildDomain (37ms)
		EndReloadAssembly (1040ms)
			LoadAssemblies (86ms)
			RebuildTransferFunctionScriptingTraits (0ms)
			SetupTypeCache (299ms)
			ReleaseScriptCaches (1ms)
			RebuildScriptCaches (44ms)
			SetupLoadedEditorAssemblies (537ms)
				LogAssemblyErrors (0ms)
				InitializePlatformSupportModulesInManaged (25ms)
				SetLoadedEditorAssemblies (0ms)
				RefreshPlugins (2ms)
				BeforeProcessingInitializeOnLoad (89ms)
				ProcessInitializeOnLoadAttributes (243ms)
				ProcessInitializeOnLoadMethodAttributes (167ms)
				AfterProcessingInitializeOnLoad (9ms)
				EditorAssembliesLoaded (0ms)
			ExecutionOrderSort2 (0ms)
			AwakeInstancesAfterBackupRestoration (6ms)
Platform modules already initialized, skipping
Refreshing native plugins compatible for Editor in 5.47 ms, found 3 plugins.
Preloading 0 native plugins for Editor in 0.00 ms.
Unloading 4794 Unused Serialized files (Serialized files now loaded: 0)
Unloading 31 unused Assets / (24.6 KB). Loaded Objects now: 5342.
Memory consumption went from 297.9 MB to 297.9 MB.
Total: 4.261700 ms (FindLiveObjects: 0.459000 ms CreateObjectMapping: 0.381700 ms MarkObjects: 3.380900 ms  DeleteObjects: 0.039200 ms)

AssetImportParameters requested are different than current active one (requested -> active):
  custom:video-decoder-ogg-theora: a1e56fd34408186e4bbccfd4996cb3dc -> 
  custom:container-muxer-webm: aa71ff27fc2769a1b78a27578f13a17b -> 
  custom:container-demuxer-webm: 4f35f7cbe854078d1ac9338744f61a02 -> 
  custom:video-encoder-webm-vp8: eb34c28f22e8b96e1ab97ce403110664 -> 
  custom:audio-encoder-webm-vorbis: bf7c407c2cedff20999df2af8eb42d56 -> 
  custom:framework-win-MediaFoundation: 216162199b28c13a410421893ffa2e32 -> 
  custom:container-demuxer-ogg: 62fdf1f143b41e24485cea50d1cbac27 -> 
  custom:video-decoder-webm-vp8: 9c59270c3fd7afecdb556c50c9e8de78 -> 
  custom:audio-decoder-ogg-vorbis: bf7c407c2cedff20999df2af8eb42d56 -> 
========================================================================
Received Import Request.
  Time since last request: 252.950253 seconds.
  path: Assets/Characters/Bot/Sci-Fi/Prefabs/Ranger_1.prefab
  artifactKey: Guid(59f519ae4f2801d4889cd8b05b1fac95) Importer(815301076,1909f56bfc062723c751e8b465ee728b)
Start importing Assets/Characters/Bot/Sci-Fi/Prefabs/Ranger_1.prefab using Guid(59f519ae4f2801d4889cd8b05b1fac95) Importer(815301076,1909f56bfc062723c751e8b465ee728b)  -> (artifact id: 'd13bfe516c24332ab29ce5116d396f95') in 0.089321 seconds 
========================================================================
Received Import Request.
  Time since last request: 1.068544 seconds.
  path: Assets/Characters/Bot/Sci-Fi/Prefabs/Sniper.prefab
  artifactKey: Guid(e1dd0888f364bfc45a0b878215c8e77c) Importer(815301076,1909f56bfc062723c751e8b465ee728b)
Start importing Assets/Characters/Bot/Sci-Fi/Prefabs/Sniper.prefab using Guid(e1dd0888f364bfc45a0b878215c8e77c) Importer(815301076,1909f56bfc062723c751e8b465ee728b)  -> (artifact id: '82c9f0b9eb0fb090aae65a58327e86eb') in 0.043874 seconds 
========================================================================
Received Import Request.
  Time since last request: 3.477908 seconds.
  path: Assets/Characters/Bot/Sci-Fi/Prefabs/Melee_Robot.prefab
  artifactKey: Guid(4e3c4e54cc4c6ca41b1f1a676d13dfea) Importer(815301076,1909f56bfc062723c751e8b465ee728b)
Start importing Assets/Characters/Bot/Sci-Fi/Prefabs/Melee_Robot.prefab using Guid(4e3c4e54cc4c6ca41b1f1a676d13dfea) Importer(815301076,1909f56bfc062723c751e8b465ee728b)  -> (artifact id: 'd1d9986f7d2a29fd6afbb0f5731238bb') in 0.019676 seconds 
========================================================================
Received Import Request.
  Time since last request: 16.448813 seconds.
  path: Assets/Characters/Bot/Weapon/Bullet/Prefabs
  artifactKey: Guid(982ec5c869d330744be73457f9dbaeb8) Importer(815301076,1909f56bfc062723c751e8b465ee728b)
Start importing Assets/Characters/Bot/Weapon/Bullet/Prefabs using Guid(982ec5c869d330744be73457f9dbaeb8) Importer(815301076,1909f56bfc062723c751e8b465ee728b)  -> (artifact id: '798da28aa25ad64e92f5c2e7c2e006c5') in 0.007682 seconds 
========================================================================
Received Import Request.
  Time since last request: 368.140471 seconds.
  path: Assets/Characters/Bot/Weapon/Bullet/Prefabs/Sniper.prefab
  artifactKey: Guid(740b50858fb7fac4e8cbfde64b6adc96) Importer(815301076,1909f56bfc062723c751e8b465ee728b)
Start importing Assets/Characters/Bot/Weapon/Bullet/Prefabs/Sniper.prefab using Guid(740b50858fb7fac4e8cbfde64b6adc96) Importer(815301076,1909f56bfc062723c751e8b465ee728b)  -> (artifact id: 'c9d0e4be30a5fe17cde79c7ce8c04bbd') in 0.043638 seconds 
========================================================================
Received Import Request.
  Time since last request: 5.988534 seconds.
  path: Assets/Characters/Bot/Weapon/Bullet/Prefabs/Ranger.prefab
  artifactKey: Guid(8312dac9642af3b4ab4b8f890118f59f) Importer(815301076,1909f56bfc062723c751e8b465ee728b)
Start importing Assets/Characters/Bot/Weapon/Bullet/Prefabs/Ranger.prefab using Guid(8312dac9642af3b4ab4b8f890118f59f) Importer(815301076,1909f56bfc062723c751e8b465ee728b)  -> (artifact id: '2b38a0e44f1d82023b95d0f64487ca2c') in 0.019188 seconds 
========================================================================
Received Import Request.
  Time since last request: 158.865049 seconds.
  path: Assets/Infima Games/Low Poly Shooter Pack/Audio/SFX/Impacts/S_WEP_Impact_Bullet_01.wav
  artifactKey: Guid(172f576bc4226094180d5993f9325d57) Importer(815301076,1909f56bfc062723c751e8b465ee728b)
Start importing Assets/Infima Games/Low Poly Shooter Pack/Audio/SFX/Impacts/S_WEP_Impact_Bullet_01.wav using Guid(172f576bc4226094180d5993f9325d57) Importer(815301076,1909f56bfc062723c751e8b465ee728b)  -> (artifact id: '2d278be39c07bf3fb4262f4e0a36b28d') in 0.041375 seconds 
========================================================================
Received Import Request.
  Time since last request: 1.560738 seconds.
  path: Assets/Infima Games/Low Poly Shooter Pack/Audio/SFX/Impacts/S_WEP_Impact_Bullet_02.wav
  artifactKey: Guid(ead9439cc21260d44b99cc5037814e27) Importer(815301076,1909f56bfc062723c751e8b465ee728b)
Start importing Assets/Infima Games/Low Poly Shooter Pack/Audio/SFX/Impacts/S_WEP_Impact_Bullet_02.wav using Guid(ead9439cc21260d44b99cc5037814e27) Importer(815301076,1909f56bfc062723c751e8b465ee728b)  -> (artifact id: '46d681b40a76415884f8c9074cf41e87') in 0.015359 seconds 
========================================================================
Received Import Request.
  Time since last request: 0.879674 seconds.
  path: Assets/Infima Games/Low Poly Shooter Pack/Audio/SFX/Impacts/S_WEP_Impact_Bullet_03.wav
  artifactKey: Guid(26c5b6d560a62c946accc4e4207b66cc) Importer(815301076,1909f56bfc062723c751e8b465ee728b)
Start importing Assets/Infima Games/Low Poly Shooter Pack/Audio/SFX/Impacts/S_WEP_Impact_Bullet_03.wav using Guid(26c5b6d560a62c946accc4e4207b66cc) Importer(815301076,1909f56bfc062723c751e8b465ee728b)  -> (artifact id: 'e433d0a15ebb9aa699cd45a5fadbb801') in 0.015159 seconds 
========================================================================
Received Import Request.
  Time since last request: 0.572793 seconds.
  path: Assets/Infima Games/Low Poly Shooter Pack/Audio/SFX/Impacts/S_WEP_Impact_Bullet_04.wav
  artifactKey: Guid(37e08e3552104a248a91d21d637ef2f4) Importer(815301076,1909f56bfc062723c751e8b465ee728b)
Start importing Assets/Infima Games/Low Poly Shooter Pack/Audio/SFX/Impacts/S_WEP_Impact_Bullet_04.wav using Guid(37e08e3552104a248a91d21d637ef2f4) Importer(815301076,1909f56bfc062723c751e8b465ee728b)  -> (artifact id: 'e71cf0c7aa7ec2ea3bda2afd4237d6ca') in 0.014987 seconds 
========================================================================
Received Import Request.
  Time since last request: 2.246511 seconds.
  path: Assets/Infima Games/Low Poly Shooter Pack/Audio/SFX/Projectiles/S_PROJ_Rocket_Launch.wav
  artifactKey: Guid(5d2d3c0a4a8995a45943e523730f807c) Importer(815301076,1909f56bfc062723c751e8b465ee728b)
Start importing Assets/Infima Games/Low Poly Shooter Pack/Audio/SFX/Projectiles/S_PROJ_Rocket_Launch.wav using Guid(5d2d3c0a4a8995a45943e523730f807c) Importer(815301076,1909f56bfc062723c751e8b465ee728b)  -> (artifact id: '78a7a0b9aaabc2c01416c2be837d875e') in 0.015463 seconds 
========================================================================
Received Import Request.
  Time since last request: 5.764174 seconds.
  path: Assets/Infima Games/Low Poly Shooter Pack/Audio/SFX/Weapons/Aiming/S_WEP_Aim_In.wav
  artifactKey: Guid(afe80d867ef6b8c4fa45b07f1f99533c) Importer(815301076,1909f56bfc062723c751e8b465ee728b)
Start importing Assets/Infima Games/Low Poly Shooter Pack/Audio/SFX/Weapons/Aiming/S_WEP_Aim_In.wav using Guid(afe80d867ef6b8c4fa45b07f1f99533c) Importer(815301076,1909f56bfc062723c751e8b465ee728b)  -> (artifact id: '54a39b20a07115eee71e71e67c31c636') in 0.132280 seconds 
========================================================================
Received Import Request.
  Time since last request: 1.956117 seconds.
  path: Assets/Infima Games/Low Poly Shooter Pack/Audio/SFX/Weapons/Attachments/S_WEP_Flashlight_Click.wav
  artifactKey: Guid(57d5804d68ddb164fb822b9ee3b41bc3) Importer(815301076,1909f56bfc062723c751e8b465ee728b)
Start importing Assets/Infima Games/Low Poly Shooter Pack/Audio/SFX/Weapons/Attachments/S_WEP_Flashlight_Click.wav using Guid(57d5804d68ddb164fb822b9ee3b41bc3) Importer(815301076,1909f56bfc062723c751e8b465ee728b)  -> (artifact id: 'a3cee213615f1645b8921a2e872a6769') in 0.162927 seconds 
========================================================================
Received Import Request.
  Time since last request: 2.066875 seconds.
  path: Assets/Infima Games/Low Poly Shooter Pack/Audio/SFX/Weapons/Fire/S_WEP_Fire_001.wav
  artifactKey: Guid(cfb8a7c3184f21047bf50b23afdc5806) Importer(815301076,1909f56bfc062723c751e8b465ee728b)
Start importing Assets/Infima Games/Low Poly Shooter Pack/Audio/SFX/Weapons/Fire/S_WEP_Fire_001.wav using Guid(cfb8a7c3184f21047bf50b23afdc5806) Importer(815301076,1909f56bfc062723c751e8b465ee728b)  -> (artifact id: 'f117331f4ee40250ef009a56f9b1dd41') in 0.258205 seconds 
========================================================================
Received Import Request.
  Time since last request: 1.112286 seconds.
  path: Assets/Infima Games/Low Poly Shooter Pack/Audio/SFX/Weapons/Fire/S_WEP_Fire_002.wav
  artifactKey: Guid(9e9480b4d07646942b555fd43f2a0f71) Importer(815301076,1909f56bfc062723c751e8b465ee728b)
Start importing Assets/Infima Games/Low Poly Shooter Pack/Audio/SFX/Weapons/Fire/S_WEP_Fire_002.wav using Guid(9e9480b4d07646942b555fd43f2a0f71) Importer(815301076,1909f56bfc062723c751e8b465ee728b)  -> (artifact id: '32a05ddb591393e4b3dcb9c6d462c003') in 0.015535 seconds 
========================================================================
Received Import Request.
  Time since last request: 0.785492 seconds.
  path: Assets/Infima Games/Low Poly Shooter Pack/Audio/SFX/Weapons/Fire/S_WEP_Fire_003.wav
  artifactKey: Guid(0addcc409a57b4a43b86a3d2310ac5b4) Importer(815301076,1909f56bfc062723c751e8b465ee728b)
Start importing Assets/Infima Games/Low Poly Shooter Pack/Audio/SFX/Weapons/Fire/S_WEP_Fire_003.wav using Guid(0addcc409a57b4a43b86a3d2310ac5b4) Importer(815301076,1909f56bfc062723c751e8b465ee728b)  -> (artifact id: 'cd12439078c7814f872143282f25edec') in 0.014644 seconds 
========================================================================
Received Import Request.
  Time since last request: 1.541178 seconds.
  path: Assets/Infima Games/Low Poly Shooter Pack/Audio/SFX/Weapons/Fire/S_WEP_Fire_004.wav
  artifactKey: Guid(c227b10053048984a9836db250bec29a) Importer(815301076,1909f56bfc062723c751e8b465ee728b)
Start importing Assets/Infima Games/Low Poly Shooter Pack/Audio/SFX/Weapons/Fire/S_WEP_Fire_004.wav using Guid(c227b10053048984a9836db250bec29a) Importer(815301076,1909f56bfc062723c751e8b465ee728b)  -> (artifact id: '6fd0519a794e505c07801132b5e79dbc') in 0.014354 seconds 
========================================================================
Received Import Request.
  Time since last request: 0.796085 seconds.
  path: Assets/Infima Games/Low Poly Shooter Pack/Audio/SFX/Weapons/Fire/S_WEP_Fire_005.wav
  artifactKey: Guid(76350ba06e65b9042921e682fdd831d2) Importer(815301076,1909f56bfc062723c751e8b465ee728b)
Start importing Assets/Infima Games/Low Poly Shooter Pack/Audio/SFX/Weapons/Fire/S_WEP_Fire_005.wav using Guid(76350ba06e65b9042921e682fdd831d2) Importer(815301076,1909f56bfc062723c751e8b465ee728b)  -> (artifact id: 'fc6539b67f1230225635aecbb493b10d') in 0.015490 seconds 
========================================================================
Received Import Request.
  Time since last request: 0.618043 seconds.
  path: Assets/Infima Games/Low Poly Shooter Pack/Audio/SFX/Weapons/Fire/S_WEP_Fire_006.wav
  artifactKey: Guid(3bd37ff7f9b7dcd489aec64e9db4cb4e) Importer(815301076,1909f56bfc062723c751e8b465ee728b)
Start importing Assets/Infima Games/Low Poly Shooter Pack/Audio/SFX/Weapons/Fire/S_WEP_Fire_006.wav using Guid(3bd37ff7f9b7dcd489aec64e9db4cb4e) Importer(815301076,1909f56bfc062723c751e8b465ee728b)  -> (artifact id: '3f6f886d71a39704babab944c043155b') in 0.015499 seconds 
========================================================================
Received Import Request.
  Time since last request: 0.832434 seconds.
  path: Assets/Infima Games/Low Poly Shooter Pack/Audio/SFX/Weapons/Fire/S_WEP_Fire_007.wav
  artifactKey: Guid(4e73f78ce766bc74d80b2d36721c56d3) Importer(815301076,1909f56bfc062723c751e8b465ee728b)
Start importing Assets/Infima Games/Low Poly Shooter Pack/Audio/SFX/Weapons/Fire/S_WEP_Fire_007.wav using Guid(4e73f78ce766bc74d80b2d36721c56d3) Importer(815301076,1909f56bfc062723c751e8b465ee728b)  -> (artifact id: '4addd2533fbd27fd48ab3487b31a0cbc') in 0.024221 seconds 
========================================================================
Received Import Request.
  Time since last request: 0.674713 seconds.
  path: Assets/Infima Games/Low Poly Shooter Pack/Audio/SFX/Weapons/Fire/S_WEP_Fire_008.wav
  artifactKey: Guid(9725f166fab506e45a16924306480f26) Importer(815301076,1909f56bfc062723c751e8b465ee728b)
Start importing Assets/Infima Games/Low Poly Shooter Pack/Audio/SFX/Weapons/Fire/S_WEP_Fire_008.wav using Guid(9725f166fab506e45a16924306480f26) Importer(815301076,1909f56bfc062723c751e8b465ee728b)  -> (artifact id: '12de7d72427916072c8a0f336e374cb3') in 0.013983 seconds 
========================================================================
Received Import Request.
  Time since last request: 0.621138 seconds.
  path: Assets/Infima Games/Low Poly Shooter Pack/Audio/SFX/Weapons/Fire/S_WEP_Fire_Empty.wav
  artifactKey: Guid(0c187ee2790c74c4e9985aa1ee1a12d5) Importer(815301076,1909f56bfc062723c751e8b465ee728b)
Start importing Assets/Infima Games/Low Poly Shooter Pack/Audio/SFX/Weapons/Fire/S_WEP_Fire_Empty.wav using Guid(0c187ee2790c74c4e9985aa1ee1a12d5) Importer(815301076,1909f56bfc062723c751e8b465ee728b)  -> (artifact id: '87e4db6900db202d1f39dfe160a35eaf') in 0.032774 seconds 
========================================================================
Received Import Request.
  Time since last request: 0.764991 seconds.
  path: Assets/Infima Games/Low Poly Shooter Pack/Audio/SFX/Weapons/Fire/S_WEP_Fire_Launcher.wav
  artifactKey: Guid(42f4de63dc9ec8c4eab363058f3affa2) Importer(815301076,1909f56bfc062723c751e8b465ee728b)
Start importing Assets/Infima Games/Low Poly Shooter Pack/Audio/SFX/Weapons/Fire/S_WEP_Fire_Launcher.wav using Guid(42f4de63dc9ec8c4eab363058f3affa2) Importer(815301076,1909f56bfc062723c751e8b465ee728b)  -> (artifact id: 'f28ccfc6c09ea08eb562e797eb105769') in 0.013658 seconds 
========================================================================
Received Import Request.
  Time since last request: 0.930111 seconds.
  path: Assets/Infima Games/Low Poly Shooter Pack/Audio/SFX/Weapons/Fire/S_WEP_Fire_Silencer.wav
  artifactKey: Guid(c1bd91cf7c20534478c9b9c5d69d1732) Importer(815301076,1909f56bfc062723c751e8b465ee728b)
Start importing Assets/Infima Games/Low Poly Shooter Pack/Audio/SFX/Weapons/Fire/S_WEP_Fire_Silencer.wav using Guid(c1bd91cf7c20534478c9b9c5d69d1732) Importer(815301076,1909f56bfc062723c751e8b465ee728b)  -> (artifact id: 'dd2d3d0e15147240a68b12c40dcf9e54') in 0.014284 seconds 
========================================================================
Received Import Request.
  Time since last request: 24.980280 seconds.
  path: Assets/Infima Games/Low Poly Shooter Pack/Audio/SFX/Weapons/Fire
  artifactKey: Guid(c0b167fd7e6e0eb41930d7f65dd24005) Importer(815301076,1909f56bfc062723c751e8b465ee728b)
Start importing Assets/Infima Games/Low Poly Shooter Pack/Audio/SFX/Weapons/Fire using Guid(c0b167fd7e6e0eb41930d7f65dd24005) Importer(815301076,1909f56bfc062723c751e8b465ee728b)  -> (artifact id: '6e492e18fd51eae19c031921d7ece212') in 0.008702 seconds 
========================================================================
Received Import Request.
  Time since last request: 121.316562 seconds.
  path: Assets/Characters/Bot/Weapon/Prefabs/SoundFireRanger.prefab
  artifactKey: Guid(e5fcd8f672837cb45a5da60cf1866e8c) Importer(815301076,1909f56bfc062723c751e8b465ee728b)
Start importing Assets/Characters/Bot/Weapon/Prefabs/SoundFireRanger.prefab using Guid(e5fcd8f672837cb45a5da60cf1866e8c) Importer(815301076,1909f56bfc062723c751e8b465ee728b)  -> (artifact id: '525d0796196a03e2d9db86cf3603027a') in 0.010916 seconds 
========================================================================
Received Import Request.
  Time since last request: 11.303048 seconds.
  path: Assets/Characters/Bot/Weapon/Prefabs/SoundFireSniper.prefab
  artifactKey: Guid(92cb8aab003d2c540a7f65f89ebc057e) Importer(815301076,1909f56bfc062723c751e8b465ee728b)
Start importing Assets/Characters/Bot/Weapon/Prefabs/SoundFireSniper.prefab using Guid(92cb8aab003d2c540a7f65f89ebc057e) Importer(815301076,1909f56bfc062723c751e8b465ee728b)  -> (artifact id: '6e82eb4732fe2b82de0eb1ef6d8317bb') in 0.010382 seconds 
