Using pre-set license
Built from '2021.3/staging' branch; Version is '2021.3.18f1 (3129e69bc0c7) revision 3221990'; Using compiler version '192829333'; Build Type 'Release'
OS: 'Windows 10  (10.0.19045) 64bit Professional' Language: 'ru' Physical Memory: 16254 MB
BatchMode: 1, IsHumanControllingUs: 0, StartBugReporterOnCrash: 0, Is64bit: 1, IsPro: 1

COMMAND LINE ARGUMENTS:
C:\Program Files\Unity\Hub\Editor\2021.3.18f1\Editor\Unity.exe
-adb2
-batchMode
-noUpm
-name
AssetImportWorker2
-projectPath
C:/Users/Mikhail/Desktop/Unity/Sci-Fi-Shooter-3/Sci-Fi-Shooter-3
-logFile
Logs/AssetImportWorker2.log
-srvPort
49258
Successfully changed project path to: C:/Users/Mikhail/Desktop/Unity/Sci-Fi-Shooter-3/Sci-Fi-Shooter-3
C:/Users/Mikhail/Desktop/Unity/Sci-Fi-Shooter-3/Sci-Fi-Shooter-3
[UnityMemory] Configuration Parameters - Can be set up in boot.config
    "memorysetup-bucket-allocator-granularity=16"
    "memorysetup-bucket-allocator-bucket-count=8"
    "memorysetup-bucket-allocator-block-size=33554432"
    "memorysetup-bucket-allocator-block-count=8"
    "memorysetup-main-allocator-block-size=16777216"
    "memorysetup-thread-allocator-block-size=16777216"
    "memorysetup-gfx-main-allocator-block-size=16777216"
    "memorysetup-gfx-thread-allocator-block-size=16777216"
    "memorysetup-cache-allocator-block-size=4194304"
    "memorysetup-typetree-allocator-block-size=2097152"
    "memorysetup-profiler-bucket-allocator-granularity=16"
    "memorysetup-profiler-bucket-allocator-bucket-count=8"
    "memorysetup-profiler-bucket-allocator-block-size=33554432"
    "memorysetup-profiler-bucket-allocator-block-count=8"
    "memorysetup-profiler-allocator-block-size=16777216"
    "memorysetup-profiler-editor-allocator-block-size=1048576"
    "memorysetup-temp-allocator-size-main=16777216"
    "memorysetup-job-temp-allocator-block-size=2097152"
    "memorysetup-job-temp-allocator-block-size-background=1048576"
    "memorysetup-job-temp-allocator-reduction-small-platforms=262144"
    "memorysetup-temp-allocator-size-background-worker=32768"
    "memorysetup-temp-allocator-size-job-worker=262144"
    "memorysetup-temp-allocator-size-preload-manager=33554432"
    "memorysetup-temp-allocator-size-nav-mesh-worker=65536"
    "memorysetup-temp-allocator-size-audio-worker=65536"
    "memorysetup-temp-allocator-size-cloud-worker=32768"
    "memorysetup-temp-allocator-size-gi-baking-worker=262144"
    "memorysetup-temp-allocator-size-gfx=262144"
Player connection [11640] Host "[IP] 192.168.1.7 [Port] 0 [Flags] 2 [Guid] 1973713752 [EditorId] 1973713752 [Version] 1048832 [Id] WindowsEditor(7,DESKTOP-QCT10TA) [Debug] 1 [PackageName] WindowsEditor [ProjectName] Editor" joined multi-casting on [225.0.0.222:54997]...

Player connection [11640] Host "[IP] 192.168.1.7 [Port] 0 [Flags] 2 [Guid] 1973713752 [EditorId] 1973713752 [Version] 1048832 [Id] WindowsEditor(7,DESKTOP-QCT10TA) [Debug] 1 [PackageName] WindowsEditor [ProjectName] Editor" joined alternative multi-casting on [225.0.0.222:34997]...

Refreshing native plugins compatible for Editor in 1540.59 ms, found 3 plugins.
Preloading 0 native plugins for Editor in 0.00 ms.
Initialize engine version: 2021.3.18f1 (3129e69bc0c7)
[Subsystems] Discovering subsystems at path C:/Program Files/Unity/Hub/Editor/2021.3.18f1/Editor/Data/Resources/UnitySubsystems
[Subsystems] Discovering subsystems at path C:/Users/Mikhail/Desktop/Unity/Sci-Fi-Shooter-3/Sci-Fi-Shooter-3/Assets
GfxDevice: creating device client; threaded=0; jobified=0
Direct3D:
    Version:  Direct3D 11.0 [level 11.1]
    Renderer: NVIDIA GeForce GTX 1650 (ID=0x1f82)
    Vendor:   NVIDIA
    VRAM:     3962 MB
    Driver:   31.0.15.1694
Initialize mono
Mono path[0] = 'C:/Program Files/Unity/Hub/Editor/2021.3.18f1/Editor/Data/Managed'
Mono path[1] = 'C:/Program Files/Unity/Hub/Editor/2021.3.18f1/Editor/Data/MonoBleedingEdge/lib/mono/unityjit-win32'
Mono config path = 'C:/Program Files/Unity/Hub/Editor/2021.3.18f1/Editor/Data/MonoBleedingEdge/etc'
Using monoOptions --debugger-agent=transport=dt_socket,embedding=1,server=y,suspend=n,address=127.0.0.1:56200
Begin MonoManager ReloadAssembly
Registering precompiled unity dll's ...
Register platform support module: C:/Program Files/Unity/Hub/Editor/2021.3.18f1/Editor/Data/PlaybackEngines/WebGLSupport/UnityEditor.WebGL.Extensions.dll
Register platform support module: C:/Program Files/Unity/Hub/Editor/2021.3.18f1/Editor/Data/PlaybackEngines/AndroidPlayer/UnityEditor.Android.Extensions.dll
Register platform support module: C:/Program Files/Unity/Hub/Editor/2021.3.18f1/Editor/Data/PlaybackEngines/WindowsStandaloneSupport/UnityEditor.WindowsStandalone.Extensions.dll
Registered in 0.347369 seconds.
Native extension for WindowsStandalone target not found
Native extension for Android target not found
Android Extension - Scanning For ADB Devices 247 ms
Native extension for WebGL target not found
Refreshing native plugins compatible for Editor in 222.68 ms, found 3 plugins.
Preloading 0 native plugins for Editor in 0.00 ms.
Mono: successfully reloaded assembly
- Completed reload, in  6.741 seconds
Domain Reload Profiling:
	ReloadAssembly (6741ms)
		BeginReloadAssembly (5151ms)
			ExecutionOrderSort (0ms)
			DisableScriptedObjects (0ms)
			BackupInstance (0ms)
			ReleaseScriptingObjects (0ms)
			CreateAndSetChildDomain (1ms)
		EndReloadAssembly (1135ms)
			LoadAssemblies (5149ms)
			RebuildTransferFunctionScriptingTraits (0ms)
			SetupTypeCache (380ms)
			ReleaseScriptCaches (0ms)
			RebuildScriptCaches (26ms)
			SetupLoadedEditorAssemblies (671ms)
				LogAssemblyErrors (0ms)
				InitializePlatformSupportModulesInManaged (313ms)
				SetLoadedEditorAssemblies (0ms)
				RefreshPlugins (223ms)
				BeforeProcessingInitializeOnLoad (1ms)
				ProcessInitializeOnLoadAttributes (83ms)
				ProcessInitializeOnLoadMethodAttributes (51ms)
				AfterProcessingInitializeOnLoad (0ms)
				EditorAssembliesLoaded (0ms)
			ExecutionOrderSort2 (0ms)
			AwakeInstancesAfterBackupRestoration (0ms)
Platform modules already initialized, skipping
Registering precompiled user dll's ...
Registered in 0.009643 seconds.
Begin MonoManager ReloadAssembly
Symbol file LoadedFromMemory doesn't match image C:\Users\Mikhail\Desktop\Unity\Sci-Fi-Shooter-3\Sci-Fi-Shooter-3\Library\PackageCache\com.unity.visualscripting@1.8.0\Editor\VisualScripting.Core\Dependencies\YamlDotNet\Unity.VisualScripting.YamlDotNet.dll
Symbol file LoadedFromMemory doesn't match image C:\Users\Mikhail\Desktop\Unity\Sci-Fi-Shooter-3\Sci-Fi-Shooter-3\Library\PackageCache\com.unity.visualscripting@1.8.0\Editor\VisualScripting.Core\Dependencies\DotNetZip\Unity.VisualScripting.IonicZip.dll
Native extension for WindowsStandalone target not found
Native extension for Android target not found
Native extension for WebGL target not found
Refreshing native plugins compatible for Editor in 209.63 ms, found 3 plugins.
Preloading 0 native plugins for Editor in 0.00 ms.
Mono: successfully reloaded assembly
- Completed reload, in  6.578 seconds
Domain Reload Profiling:
	ReloadAssembly (6578ms)
		BeginReloadAssembly (109ms)
			ExecutionOrderSort (0ms)
			DisableScriptedObjects (6ms)
			BackupInstance (0ms)
			ReleaseScriptingObjects (0ms)
			CreateAndSetChildDomain (19ms)
		EndReloadAssembly (6235ms)
			LoadAssemblies (4480ms)
			RebuildTransferFunctionScriptingTraits (0ms)
			SetupTypeCache (351ms)
			ReleaseScriptCaches (1ms)
			RebuildScriptCaches (57ms)
			SetupLoadedEditorAssemblies (1299ms)
				LogAssemblyErrors (0ms)
				InitializePlatformSupportModulesInManaged (17ms)
				SetLoadedEditorAssemblies (0ms)
				RefreshPlugins (210ms)
				BeforeProcessingInitializeOnLoad (112ms)
				ProcessInitializeOnLoadAttributes (825ms)
				ProcessInitializeOnLoadMethodAttributes (126ms)
				AfterProcessingInitializeOnLoad (9ms)
				EditorAssembliesLoaded (0ms)
			ExecutionOrderSort2 (0ms)
			AwakeInstancesAfterBackupRestoration (6ms)
Platform modules already initialized, skipping
========================================================================
Worker process is ready to serve import requests
Launched and connected shader compiler UnityShaderCompiler.exe after 0.04 seconds
Refreshing native plugins compatible for Editor in 2.35 ms, found 3 plugins.
Preloading 0 native plugins for Editor in 0.00 ms.
Unloading 4831 Unused Serialized files (Serialized files now loaded: 0)
Unloading 40 unused Assets / (56.2 KB). Loaded Objects now: 5283.
Memory consumption went from 197.0 MB to 197.0 MB.
Total: 3.651200 ms (FindLiveObjects: 0.382600 ms CreateObjectMapping: 0.374100 ms MarkObjects: 2.810300 ms  DeleteObjects: 0.083500 ms)

AssetImportParameters requested are different than current active one (requested -> active):
  custom:video-decoder-ogg-theora: a1e56fd34408186e4bbccfd4996cb3dc -> 
  custom:container-muxer-webm: aa71ff27fc2769a1b78a27578f13a17b -> 
  custom:container-demuxer-webm: 4f35f7cbe854078d1ac9338744f61a02 -> 
  custom:video-encoder-webm-vp8: eb34c28f22e8b96e1ab97ce403110664 -> 
  custom:audio-encoder-webm-vorbis: bf7c407c2cedff20999df2af8eb42d56 -> 
  custom:framework-win-MediaFoundation: 216162199b28c13a410421893ffa2e32 -> 
  custom:container-demuxer-ogg: 62fdf1f143b41e24485cea50d1cbac27 -> 
  custom:video-decoder-webm-vp8: 9c59270c3fd7afecdb556c50c9e8de78 -> 
  custom:audio-decoder-ogg-vorbis: bf7c407c2cedff20999df2af8eb42d56 -> 
========================================================================
Received Import Request.
  Time since last request: 348905.832998 seconds.
  path: Assets/PolygonHeist/Model/SM_Item_Mask_Simple_Man_01.fbx
  artifactKey: Guid(dcb7d46600704064e9fef534a58f11f9) Importer(815301076,1909f56bfc062723c751e8b465ee728b)
Start importing Assets/PolygonHeist/Model/SM_Item_Mask_Simple_Man_01.fbx using Guid(dcb7d46600704064e9fef534a58f11f9) Importer(815301076,1909f56bfc062723c751e8b465ee728b)  -> (artifact id: '6d4d092e13cb748e6ec77d99cbfcbb02') in 0.432773 seconds 
========================================================================
Received Import Request.
  Time since last request: 0.000036 seconds.
  path: Assets/PolygonHeist/Model/SM_Item_Mask_Horse_01.fbx
  artifactKey: Guid(7be02b6e468d622428295477f9672e50) Importer(815301076,1909f56bfc062723c751e8b465ee728b)
Start importing Assets/PolygonHeist/Model/SM_Item_Mask_Horse_01.fbx using Guid(7be02b6e468d622428295477f9672e50) Importer(815301076,1909f56bfc062723c751e8b465ee728b)  -> (artifact id: '5564491cad30541dc438a8bceb6506d0') in 0.023049 seconds 
========================================================================
Received Import Request.
  Time since last request: 0.000035 seconds.
  path: Assets/PolygonHeist/Model/SM_Env_Sidewalk_Straight_01.fbx
  artifactKey: Guid(b46aef466a9bc89439bc4ed6e62b2ee7) Importer(815301076,1909f56bfc062723c751e8b465ee728b)
Start importing Assets/PolygonHeist/Model/SM_Env_Sidewalk_Straight_01.fbx using Guid(b46aef466a9bc89439bc4ed6e62b2ee7) Importer(815301076,1909f56bfc062723c751e8b465ee728b)  -> (artifact id: 'a9bdde1b9e535a8b1fdb10bda0fa5183') in 0.014394 seconds 
========================================================================
Received Import Request.
  Time since last request: 0.000021 seconds.
  path: Assets/PolygonHeist/Model/SM_Wep_SMG_01.fbx
  artifactKey: Guid(4f0eef2b4f2238a40ae0eaf749301ce6) Importer(815301076,1909f56bfc062723c751e8b465ee728b)
Start importing Assets/PolygonHeist/Model/SM_Wep_SMG_01.fbx using Guid(4f0eef2b4f2238a40ae0eaf749301ce6) Importer(815301076,1909f56bfc062723c751e8b465ee728b)  -> (artifact id: '01ba181642694c18fb1d7fe24d785630') in 0.036978 seconds 
========================================================================
Received Import Request.
  Time since last request: 0.000019 seconds.
  path: Assets/PolygonHeist/Model/SM_Env_Roof_02.fbx
  artifactKey: Guid(278973e67987e8841bea742a7ce46caf) Importer(815301076,1909f56bfc062723c751e8b465ee728b)
Start importing Assets/PolygonHeist/Model/SM_Env_Roof_02.fbx using Guid(278973e67987e8841bea742a7ce46caf) Importer(815301076,1909f56bfc062723c751e8b465ee728b)  -> (artifact id: '9b9a7fb92db87dcd141a8ce2652c957b') in 0.016261 seconds 
========================================================================
Received Import Request.
  Time since last request: 0.000019 seconds.
  path: Assets/PolygonCity/Models/SM_Veh_Car_Van_01.fbx
  artifactKey: Guid(97982d8a36ff16f4a88f291ef2443e49) Importer(815301076,1909f56bfc062723c751e8b465ee728b)
Start importing Assets/PolygonCity/Models/SM_Veh_Car_Van_01.fbx using Guid(97982d8a36ff16f4a88f291ef2443e49) Importer(815301076,1909f56bfc062723c751e8b465ee728b)  -> (artifact id: 'f6959bf66ffa03f5b3bc5f6a75a653c8') in 0.083121 seconds 
========================================================================
Received Import Request.
  Time since last request: 0.000018 seconds.
  path: Assets/PolygonCity/Models/SM_Bld_Shop_Cover_01.fbx
  artifactKey: Guid(85fd6b4fdb4f8e6468e1b450382d2bd8) Importer(815301076,1909f56bfc062723c751e8b465ee728b)
Start importing Assets/PolygonCity/Models/SM_Bld_Shop_Cover_01.fbx using Guid(85fd6b4fdb4f8e6468e1b450382d2bd8) Importer(815301076,1909f56bfc062723c751e8b465ee728b)  -> (artifact id: '32917d63fbae30393421725a7d2d9a74') in 0.016669 seconds 
========================================================================
Received Import Request.
  Time since last request: 0.000019 seconds.
  path: Assets/PolygonHeist/Model/SM_Wep_SniperSwat_01.fbx
  artifactKey: Guid(4d44d397a32b11e48bde8466b43ef021) Importer(815301076,1909f56bfc062723c751e8b465ee728b)
Start importing Assets/PolygonHeist/Model/SM_Wep_SniperSwat_01.fbx using Guid(4d44d397a32b11e48bde8466b43ef021) Importer(815301076,1909f56bfc062723c751e8b465ee728b)  -> (artifact id: 'b88b6848140a7763d70c221757939326') in 0.033523 seconds 
========================================================================
Received Import Request.
  Time since last request: 0.000022 seconds.
  path: Assets/PolygonCity/Models/SM_Prop_LargeSign_Donut_01.fbx
  artifactKey: Guid(ad3742527981bcd4ea197974c7711d95) Importer(815301076,1909f56bfc062723c751e8b465ee728b)
Start importing Assets/PolygonCity/Models/SM_Prop_LargeSign_Donut_01.fbx using Guid(ad3742527981bcd4ea197974c7711d95) Importer(815301076,1909f56bfc062723c751e8b465ee728b)  -> (artifact id: 'd0049f0ed9e80813e096177ff50b0b50') in 0.016240 seconds 
========================================================================
Received Import Request.
  Time since last request: 0.000027 seconds.
  path: Assets/PolygonCity/Models/SM_Veh_Car_Taxi_01.fbx
  artifactKey: Guid(db57e923d75cb6c4e936d5e8caaa9165) Importer(815301076,1909f56bfc062723c751e8b465ee728b)
Start importing Assets/PolygonCity/Models/SM_Veh_Car_Taxi_01.fbx using Guid(db57e923d75cb6c4e936d5e8caaa9165) Importer(815301076,1909f56bfc062723c751e8b465ee728b)  -> (artifact id: 'b1dfb00189e7641c5611517a419166a0') in 0.064075 seconds 
========================================================================
Received Import Request.
  Time since last request: 0.000017 seconds.
  path: Assets/PolygonCity/Models/SM_Prop_Paper_02.fbx
  artifactKey: Guid(a0f09514e6d8beb4bb4d670739f7f4fd) Importer(815301076,1909f56bfc062723c751e8b465ee728b)
Start importing Assets/PolygonCity/Models/SM_Prop_Paper_02.fbx using Guid(a0f09514e6d8beb4bb4d670739f7f4fd) Importer(815301076,1909f56bfc062723c751e8b465ee728b)  -> (artifact id: '88b75923322c36a73e4d7c16d4a4612a') in 0.015235 seconds 
========================================================================
Received Import Request.
  Time since last request: 0.000020 seconds.
  path: Assets/PolygonCity/Models/SM_Prop_LargeSign_Milkshake_01.fbx
  artifactKey: Guid(84246483d39d37a45a763afb9bd56849) Importer(815301076,1909f56bfc062723c751e8b465ee728b)
Start importing Assets/PolygonCity/Models/SM_Prop_LargeSign_Milkshake_01.fbx using Guid(84246483d39d37a45a763afb9bd56849) Importer(815301076,1909f56bfc062723c751e8b465ee728b)  -> (artifact id: '1d7552b8b35d7c0028faf71349c22d3b') in 0.015618 seconds 
========================================================================
Received Import Request.
  Time since last request: 0.000024 seconds.
  path: Assets/PolygonHeist/Model/SM_Item_Mask_PaperBag_01.fbx
  artifactKey: Guid(e3a2912de290ce642be509da712f9c27) Importer(815301076,1909f56bfc062723c751e8b465ee728b)
Start importing Assets/PolygonHeist/Model/SM_Item_Mask_PaperBag_01.fbx using Guid(e3a2912de290ce642be509da712f9c27) Importer(815301076,1909f56bfc062723c751e8b465ee728b)  -> (artifact id: 'd37e742b5a686faf6a34cb53f778e928') in 0.016600 seconds 
========================================================================
Received Import Request.
  Time since last request: 0.000018 seconds.
  path: Assets/PolygonHeist/Model/SM_Env_Road_01.fbx
  artifactKey: Guid(edb4b86c217cdc34aaefa4a5354474c3) Importer(815301076,1909f56bfc062723c751e8b465ee728b)
Start importing Assets/PolygonHeist/Model/SM_Env_Road_01.fbx using Guid(edb4b86c217cdc34aaefa4a5354474c3) Importer(815301076,1909f56bfc062723c751e8b465ee728b)  -> (artifact id: '91eea04437e1001f053e0d8b8cbf1778') in 0.014011 seconds 
========================================================================
Received Import Request.
  Time since last request: 0.000023 seconds.
  path: Assets/PolygonCity/Models/SM_Bld_Shop_Cover_02.fbx
  artifactKey: Guid(1ff02d60dcd4dc84ab0232c49a6bceb7) Importer(815301076,1909f56bfc062723c751e8b465ee728b)
Start importing Assets/PolygonCity/Models/SM_Bld_Shop_Cover_02.fbx using Guid(1ff02d60dcd4dc84ab0232c49a6bceb7) Importer(815301076,1909f56bfc062723c751e8b465ee728b)  -> (artifact id: 'af61b961484a680432485d21657606cf') in 0.016072 seconds 
========================================================================
Received Import Request.
  Time since last request: 0.000033 seconds.
  path: Assets/PolygonHeist/Model/SM_Item_Mask_Luchador_01.fbx
  artifactKey: Guid(fd5bcb039761ee04b80a9f432f7f0fff) Importer(815301076,1909f56bfc062723c751e8b465ee728b)
Start importing Assets/PolygonHeist/Model/SM_Item_Mask_Luchador_01.fbx using Guid(fd5bcb039761ee04b80a9f432f7f0fff) Importer(815301076,1909f56bfc062723c751e8b465ee728b)  -> (artifact id: '213722a4598e230b66ed667e73822e3d') in 0.016275 seconds 
========================================================================
Received Import Request.
  Time since last request: 0.000027 seconds.
  path: Assets/PolygonCity/Models/SM_Bld_Shop_Cover_04.fbx
  artifactKey: Guid(8039f4a8add4c31439927020a862d765) Importer(815301076,1909f56bfc062723c751e8b465ee728b)
Start importing Assets/PolygonCity/Models/SM_Bld_Shop_Cover_04.fbx using Guid(8039f4a8add4c31439927020a862d765) Importer(815301076,1909f56bfc062723c751e8b465ee728b)  -> (artifact id: 'e76417e88d3ee2e1c2b02f0366a66f42') in 0.015565 seconds 
========================================================================
Received Import Request.
  Time since last request: 7.260613 seconds.
  path: Assets/Scenes/GSLoader.unity
  artifactKey: Guid(488c749ca8ae15e4bbe20ab148307a2e) Importer(815301076,1909f56bfc062723c751e8b465ee728b)
Start importing Assets/Scenes/GSLoader.unity using Guid(488c749ca8ae15e4bbe20ab148307a2e) Importer(815301076,1909f56bfc062723c751e8b465ee728b)  -> (artifact id: 'a924ac10e6a164cff14af70868cf6e7a') in 0.006445 seconds 
========================================================================
Received Prepare
Registering precompiled user dll's ...
Registered in 0.009112 seconds.
Begin MonoManager ReloadAssembly
Symbol file LoadedFromMemory doesn't match image C:\Users\Mikhail\Desktop\Unity\Sci-Fi-Shooter-3\Sci-Fi-Shooter-3\Library\PackageCache\com.unity.visualscripting@1.8.0\Editor\VisualScripting.Core\Dependencies\YamlDotNet\Unity.VisualScripting.YamlDotNet.dll
Symbol file LoadedFromMemory doesn't match image C:\Users\Mikhail\Desktop\Unity\Sci-Fi-Shooter-3\Sci-Fi-Shooter-3\Library\PackageCache\com.unity.visualscripting@1.8.0\Editor\VisualScripting.Core\Dependencies\DotNetZip\Unity.VisualScripting.IonicZip.dll
Native extension for WindowsStandalone target not found
Native extension for Android target not found
Native extension for WebGL target not found
Refreshing native plugins compatible for Editor in 2.22 ms, found 3 plugins.
Preloading 0 native plugins for Editor in 0.00 ms.
Mono: successfully reloaded assembly
- Completed reload, in  1.316 seconds
Domain Reload Profiling:
	ReloadAssembly (1316ms)
		BeginReloadAssembly (132ms)
			ExecutionOrderSort (0ms)
			DisableScriptedObjects (4ms)
			BackupInstance (0ms)
			ReleaseScriptingObjects (0ms)
			CreateAndSetChildDomain (38ms)
		EndReloadAssembly (1069ms)
			LoadAssemblies (96ms)
			RebuildTransferFunctionScriptingTraits (0ms)
			SetupTypeCache (352ms)
			ReleaseScriptCaches (1ms)
			RebuildScriptCaches (42ms)
			SetupLoadedEditorAssemblies (521ms)
				LogAssemblyErrors (0ms)
				InitializePlatformSupportModulesInManaged (26ms)
				SetLoadedEditorAssemblies (0ms)
				RefreshPlugins (2ms)
				BeforeProcessingInitializeOnLoad (91ms)
				ProcessInitializeOnLoadAttributes (239ms)
				ProcessInitializeOnLoadMethodAttributes (154ms)
				AfterProcessingInitializeOnLoad (8ms)
				EditorAssembliesLoaded (0ms)
			ExecutionOrderSort2 (0ms)
			AwakeInstancesAfterBackupRestoration (6ms)
Platform modules already initialized, skipping
Refreshing native plugins compatible for Editor in 4.52 ms, found 3 plugins.
Preloading 0 native plugins for Editor in 0.00 ms.
Unloading 4793 Unused Serialized files (Serialized files now loaded: 0)
Unloading 31 unused Assets / (24.7 KB). Loaded Objects now: 5298.
Memory consumption went from 220.5 MB to 220.5 MB.
Total: 2.960500 ms (FindLiveObjects: 0.328500 ms CreateObjectMapping: 0.239500 ms MarkObjects: 2.366500 ms  DeleteObjects: 0.025300 ms)

AssetImportParameters requested are different than current active one (requested -> active):
  custom:video-decoder-ogg-theora: a1e56fd34408186e4bbccfd4996cb3dc -> 
  custom:container-muxer-webm: aa71ff27fc2769a1b78a27578f13a17b -> 
  custom:container-demuxer-webm: 4f35f7cbe854078d1ac9338744f61a02 -> 
  custom:video-encoder-webm-vp8: eb34c28f22e8b96e1ab97ce403110664 -> 
  custom:audio-encoder-webm-vorbis: bf7c407c2cedff20999df2af8eb42d56 -> 
  custom:framework-win-MediaFoundation: 216162199b28c13a410421893ffa2e32 -> 
  custom:container-demuxer-ogg: 62fdf1f143b41e24485cea50d1cbac27 -> 
  custom:video-decoder-webm-vp8: 9c59270c3fd7afecdb556c50c9e8de78 -> 
  custom:audio-decoder-ogg-vorbis: bf7c407c2cedff20999df2af8eb42d56 -> 
========================================================================
Received Import Request.
  Time since last request: 145.552542 seconds.
  path: Assets/Materials/1623463819_5-phonoteka_org-p-nalivnoi-beton-tekstura-krasivo-6.mat
  artifactKey: Guid(a05261e9e19c334408a1c2b2bf8b4e9d) Importer(815301076,1909f56bfc062723c751e8b465ee728b)
Start importing Assets/Materials/1623463819_5-phonoteka_org-p-nalivnoi-beton-tekstura-krasivo-6.mat using Guid(a05261e9e19c334408a1c2b2bf8b4e9d) Importer(815301076,1909f56bfc062723c751e8b465ee728b)  -> (artifact id: '8be4c6560d0f0a7647f3e5df20f095d0') in 0.235926 seconds 
========================================================================
Received Import Request.
  Time since last request: 2.721239 seconds.
  path: Assets/MirraAssets/loading.png
  artifactKey: Guid(d63f463bd68531e449e6bd1751ca0d8a) Importer(815301076,1909f56bfc062723c751e8b465ee728b)
Start importing Assets/MirraAssets/loading.png using Guid(d63f463bd68531e449e6bd1751ca0d8a) Importer(815301076,1909f56bfc062723c751e8b465ee728b)  -> (artifact id: '67bee23b6278bb3a294712a839106b3b') in 0.051573 seconds 
